[17-Apr-2024 08:34:08 UTC] missing_token Unable to send request to WooCommerce Shipping & Tax server. WordPress.com token is missing (fetch_service_schemas_from_connect_server)
[17-Apr-2024 08:34:17 UTC] PHP Deprecated:  Creation of dynamic property WC_Appota_Gateway::$liveurl is deprecated in /var/www/html/wp-content/plugins/woocommerce-appota-pay/woocommerce-appota-pay.php on line 101
[17-Apr-2024 08:34:17 UTC] PHP Deprecated:  Creation of dynamic property WC_Appota_Gateway::$testurl is deprecated in /var/www/html/wp-content/plugins/woocommerce-appota-pay/woocommerce-appota-pay.php on line 102
[17-Apr-2024 08:34:18 UTC] PHP Deprecated:  Creation of dynamic property WC_Appota_Gateway::$liveurl is deprecated in /var/www/html/wp-content/plugins/woocommerce-appota-pay/woocommerce-appota-pay.php on line 101
[17-Apr-2024 08:34:18 UTC] PHP Deprecated:  Creation of dynamic property WC_Appota_Gateway::$testurl is deprecated in /var/www/html/wp-content/plugins/woocommerce-appota-pay/woocommerce-appota-pay.php on line 102
[17-Apr-2024 08:34:19 UTC] []
[17-Apr-2024 08:34:34 UTC] missing_token Unable to send request to WooCommerce Shipping & Tax server. WordPress.com token is missing (fetch_service_schemas_from_connect_server)
[17-Apr-2024 08:34:49 UTC] missing_token Unable to send request to WooCommerce Shipping & Tax server. WordPress.com token is missing (fetch_service_schemas_from_connect_server)
[17-Apr-2024 08:35:33 UTC] missing_token Unable to send request to WooCommerce Shipping & Tax server. WordPress.com token is missing (fetch_service_schemas_from_connect_server)
[17-Apr-2024 08:35:41 UTC] PHP Deprecated:  Creation of dynamic property WC_Appota_Gateway::$liveurl is deprecated in /var/www/html/wp-content/plugins/woocommerce-appota-pay/woocommerce-appota-pay.php on line 101
[17-Apr-2024 08:35:41 UTC] PHP Deprecated:  Creation of dynamic property WC_Appota_Gateway::$testurl is deprecated in /var/www/html/wp-content/plugins/woocommerce-appota-pay/woocommerce-appota-pay.php on line 102
[17-Apr-2024 08:35:42 UTC] PHP Deprecated:  Creation of dynamic property WC_Appota_Gateway::$liveurl is deprecated in /var/www/html/wp-content/plugins/woocommerce-appota-pay/woocommerce-appota-pay.php on line 101
[17-Apr-2024 08:35:42 UTC] PHP Deprecated:  Creation of dynamic property WC_Appota_Gateway::$testurl is deprecated in /var/www/html/wp-content/plugins/woocommerce-appota-pay/woocommerce-appota-pay.php on line 102
[17-Apr-2024 08:35:43 UTC] []
[17-Apr-2024 08:36:22 UTC] missing_token Unable to send request to WooCommerce Shipping & Tax server. WordPress.com token is missing (fetch_service_schemas_from_connect_server)
[17-Apr-2024 08:36:30 UTC] PHP Deprecated:  Creation of dynamic property WC_Appota_Gateway::$liveurl is deprecated in /var/www/html/wp-content/plugins/woocommerce-appota-pay/woocommerce-appota-pay.php on line 101
[17-Apr-2024 08:36:30 UTC] PHP Deprecated:  Creation of dynamic property WC_Appota_Gateway::$testurl is deprecated in /var/www/html/wp-content/plugins/woocommerce-appota-pay/woocommerce-appota-pay.php on line 102
[17-Apr-2024 08:36:31 UTC] PHP Deprecated:  Creation of dynamic property WC_Appota_Gateway::$liveurl is deprecated in /var/www/html/wp-content/plugins/woocommerce-appota-pay/woocommerce-appota-pay.php on line 101
[17-Apr-2024 08:36:31 UTC] PHP Deprecated:  Creation of dynamic property WC_Appota_Gateway::$testurl is deprecated in /var/www/html/wp-content/plugins/woocommerce-appota-pay/woocommerce-appota-pay.php on line 102
[17-Apr-2024 08:36:31 UTC] []
[17-Apr-2024 08:36:53 UTC] missing_token Unable to send request to WooCommerce Shipping & Tax server. WordPress.com token is missing (fetch_service_schemas_from_connect_server)
[17-Apr-2024 08:37:38 UTC] missing_token Unable to send request to WooCommerce Shipping & Tax server. WordPress.com token is missing (fetch_service_schemas_from_connect_server)
[17-Apr-2024 08:37:46 UTC] PHP Deprecated:  Creation of dynamic property WC_Appota_Gateway::$liveurl is deprecated in /var/www/html/wp-content/plugins/woocommerce-appota-pay/woocommerce-appota-pay.php on line 101
[17-Apr-2024 08:37:46 UTC] PHP Deprecated:  Creation of dynamic property WC_Appota_Gateway::$testurl is deprecated in /var/www/html/wp-content/plugins/woocommerce-appota-pay/woocommerce-appota-pay.php on line 102
[17-Apr-2024 08:37:47 UTC] PHP Deprecated:  Creation of dynamic property WC_Appota_Gateway::$liveurl is deprecated in /var/www/html/wp-content/plugins/woocommerce-appota-pay/woocommerce-appota-pay.php on line 101
[17-Apr-2024 08:37:47 UTC] PHP Deprecated:  Creation of dynamic property WC_Appota_Gateway::$testurl is deprecated in /var/www/html/wp-content/plugins/woocommerce-appota-pay/woocommerce-appota-pay.php on line 102
[17-Apr-2024 08:37:47 UTC] []
[17-Apr-2024 08:38:37 UTC] missing_token Unable to send request to WooCommerce Shipping & Tax server. WordPress.com token is missing (fetch_service_schemas_from_connect_server)
[17-Apr-2024 08:38:45 UTC] PHP Deprecated:  Creation of dynamic property WC_Appota_Gateway::$liveurl is deprecated in /var/www/html/wp-content/plugins/woocommerce-appota-pay/woocommerce-appota-pay.php on line 101
[17-Apr-2024 08:38:45 UTC] PHP Deprecated:  Creation of dynamic property WC_Appota_Gateway::$testurl is deprecated in /var/www/html/wp-content/plugins/woocommerce-appota-pay/woocommerce-appota-pay.php on line 102
[17-Apr-2024 08:38:46 UTC] PHP Deprecated:  Creation of dynamic property WC_Appota_Gateway::$liveurl is deprecated in /var/www/html/wp-content/plugins/woocommerce-appota-pay/woocommerce-appota-pay.php on line 101
[17-Apr-2024 08:38:46 UTC] PHP Deprecated:  Creation of dynamic property WC_Appota_Gateway::$testurl is deprecated in /var/www/html/wp-content/plugins/woocommerce-appota-pay/woocommerce-appota-pay.php on line 102
[17-Apr-2024 08:38:47 UTC] []
[17-Apr-2024 08:38:53 UTC] missing_token Unable to send request to WooCommerce Shipping & Tax server. WordPress.com token is missing (fetch_service_schemas_from_connect_server)
[17-Apr-2024 08:39:15 UTC] missing_token Unable to send request to WooCommerce Shipping & Tax server. WordPress.com token is missing (fetch_service_schemas_from_connect_server)
[17-Apr-2024 08:39:22 UTC] PHP Deprecated:  Creation of dynamic property WC_Appota_Gateway::$liveurl is deprecated in /var/www/html/wp-content/plugins/woocommerce-appota-pay/woocommerce-appota-pay.php on line 101
[17-Apr-2024 08:39:22 UTC] PHP Deprecated:  Creation of dynamic property WC_Appota_Gateway::$testurl is deprecated in /var/www/html/wp-content/plugins/woocommerce-appota-pay/woocommerce-appota-pay.php on line 102
[17-Apr-2024 08:39:23 UTC] PHP Deprecated:  Creation of dynamic property WC_Appota_Gateway::$liveurl is deprecated in /var/www/html/wp-content/plugins/woocommerce-appota-pay/woocommerce-appota-pay.php on line 101
[17-Apr-2024 08:39:23 UTC] PHP Deprecated:  Creation of dynamic property WC_Appota_Gateway::$testurl is deprecated in /var/www/html/wp-content/plugins/woocommerce-appota-pay/woocommerce-appota-pay.php on line 102
[17-Apr-2024 08:39:24 UTC] []
[17-Apr-2024 08:39:42 UTC] missing_token Unable to send request to WooCommerce Shipping & Tax server. WordPress.com token is missing (fetch_service_schemas_from_connect_server)
[17-Apr-2024 08:39:50 UTC] PHP Deprecated:  Creation of dynamic property WC_Appota_Gateway::$liveurl is deprecated in /var/www/html/wp-content/plugins/woocommerce-appota-pay/woocommerce-appota-pay.php on line 101
[17-Apr-2024 08:39:50 UTC] PHP Deprecated:  Creation of dynamic property WC_Appota_Gateway::$testurl is deprecated in /var/www/html/wp-content/plugins/woocommerce-appota-pay/woocommerce-appota-pay.php on line 102
[17-Apr-2024 08:39:51 UTC] PHP Deprecated:  Creation of dynamic property WC_Appota_Gateway::$liveurl is deprecated in /var/www/html/wp-content/plugins/woocommerce-appota-pay/woocommerce-appota-pay.php on line 101
[17-Apr-2024 08:39:51 UTC] PHP Deprecated:  Creation of dynamic property WC_Appota_Gateway::$testurl is deprecated in /var/www/html/wp-content/plugins/woocommerce-appota-pay/woocommerce-appota-pay.php on line 102
[17-Apr-2024 08:39:52 UTC] []
[17-Apr-2024 08:40:08 UTC] missing_token Unable to send request to WooCommerce Shipping & Tax server. WordPress.com token is missing (fetch_service_schemas_from_connect_server)
[17-Apr-2024 08:40:22 UTC] missing_token Unable to send request to WooCommerce Shipping & Tax server. WordPress.com token is missing (fetch_service_schemas_from_connect_server)
[17-Apr-2024 08:40:37 UTC] missing_token Unable to send request to WooCommerce Shipping & Tax server. WordPress.com token is missing (fetch_service_schemas_from_connect_server)
[17-Apr-2024 08:42:41 UTC] missing_token Unable to send request to WooCommerce Shipping & Tax server. WordPress.com token is missing (fetch_service_schemas_from_connect_server)
[17-Apr-2024 08:44:31 UTC] missing_token Unable to send request to WooCommerce Shipping & Tax server. WordPress.com token is missing (fetch_service_schemas_from_connect_server)
[17-Apr-2024 08:44:39 UTC] PHP Deprecated:  Creation of dynamic property WC_Appota_Gateway::$liveurl is deprecated in /var/www/html/wp-content/plugins/woocommerce-appota-pay/woocommerce-appota-pay.php on line 101
[17-Apr-2024 08:44:39 UTC] PHP Deprecated:  Creation of dynamic property WC_Appota_Gateway::$testurl is deprecated in /var/www/html/wp-content/plugins/woocommerce-appota-pay/woocommerce-appota-pay.php on line 102
[17-Apr-2024 08:44:40 UTC] PHP Deprecated:  Creation of dynamic property WC_Appota_Gateway::$liveurl is deprecated in /var/www/html/wp-content/plugins/woocommerce-appota-pay/woocommerce-appota-pay.php on line 101
[17-Apr-2024 08:44:40 UTC] PHP Deprecated:  Creation of dynamic property WC_Appota_Gateway::$testurl is deprecated in /var/www/html/wp-content/plugins/woocommerce-appota-pay/woocommerce-appota-pay.php on line 102
[17-Apr-2024 08:44:40 UTC] missing_token Unable to send request to WooCommerce Shipping & Tax server. WordPress.com token is missing (fetch_service_schemas_from_connect_server)
[17-Apr-2024 08:45:05 UTC] missing_token Unable to send request to WooCommerce Shipping & Tax server. WordPress.com token is missing (fetch_service_schemas_from_connect_server)
[17-Apr-2024 08:45:14 UTC] PHP Deprecated:  Creation of dynamic property WC_Appota_Gateway::$liveurl is deprecated in /var/www/html/wp-content/plugins/woocommerce-appota-pay/woocommerce-appota-pay.php on line 101
[17-Apr-2024 08:45:14 UTC] PHP Deprecated:  Creation of dynamic property WC_Appota_Gateway::$testurl is deprecated in /var/www/html/wp-content/plugins/woocommerce-appota-pay/woocommerce-appota-pay.php on line 102
[17-Apr-2024 08:45:15 UTC] PHP Deprecated:  Creation of dynamic property WC_Appota_Gateway::$liveurl is deprecated in /var/www/html/wp-content/plugins/woocommerce-appota-pay/woocommerce-appota-pay.php on line 101
[17-Apr-2024 08:45:15 UTC] PHP Deprecated:  Creation of dynamic property WC_Appota_Gateway::$testurl is deprecated in /var/www/html/wp-content/plugins/woocommerce-appota-pay/woocommerce-appota-pay.php on line 102
[17-Apr-2024 08:46:43 UTC] missing_token Unable to send request to WooCommerce Shipping & Tax server. WordPress.com token is missing (fetch_service_schemas_from_connect_server)
[17-Apr-2024 08:47:09 UTC] missing_token Unable to send request to WooCommerce Shipping & Tax server. WordPress.com token is missing (fetch_service_schemas_from_connect_server)
[17-Apr-2024 08:47:23 UTC] missing_token Unable to send request to WooCommerce Shipping & Tax server. WordPress.com token is missing (fetch_service_schemas_from_connect_server)
[17-Apr-2024 08:47:38 UTC] missing_token Unable to send request to WooCommerce Shipping & Tax server. WordPress.com token is missing (fetch_service_schemas_from_connect_server)
[17-Apr-2024 08:47:42 UTC] missing_token Unable to send request to WooCommerce Shipping & Tax server. WordPress.com token is missing (fetch_service_schemas_from_connect_server)
[17-Apr-2024 08:47:50 UTC] PHP Deprecated:  Creation of dynamic property WC_Appota_Gateway::$liveurl is deprecated in /var/www/html/wp-content/plugins/woocommerce-appota-pay/woocommerce-appota-pay.php on line 101
[17-Apr-2024 08:47:50 UTC] PHP Deprecated:  Creation of dynamic property WC_Appota_Gateway::$testurl is deprecated in /var/www/html/wp-content/plugins/woocommerce-appota-pay/woocommerce-appota-pay.php on line 102
[17-Apr-2024 08:47:51 UTC] PHP Deprecated:  Creation of dynamic property WC_Appota_Gateway::$liveurl is deprecated in /var/www/html/wp-content/plugins/woocommerce-appota-pay/woocommerce-appota-pay.php on line 101
[17-Apr-2024 08:47:51 UTC] PHP Deprecated:  Creation of dynamic property WC_Appota_Gateway::$testurl is deprecated in /var/www/html/wp-content/plugins/woocommerce-appota-pay/woocommerce-appota-pay.php on line 102
[17-Apr-2024 08:47:52 UTC] []
[17-Apr-2024 08:49:31 UTC] missing_token Unable to send request to WooCommerce Shipping & Tax server. WordPress.com token is missing (fetch_service_schemas_from_connect_server)
[17-Apr-2024 08:49:31 UTC] missing_token Unable to send request to WooCommerce Shipping & Tax server. WordPress.com token is missing (fetch_service_schemas_from_connect_server)
[17-Apr-2024 08:49:34 UTC] PHP Deprecated:  Creation of dynamic property WC_Appota_Gateway::$liveurl is deprecated in /var/www/html/wp-content/plugins/woocommerce-appota-pay/woocommerce-appota-pay.php on line 101
[17-Apr-2024 08:49:34 UTC] PHP Deprecated:  Creation of dynamic property WC_Appota_Gateway::$testurl is deprecated in /var/www/html/wp-content/plugins/woocommerce-appota-pay/woocommerce-appota-pay.php on line 102
[17-Apr-2024 08:49:36 UTC] PHP Deprecated:  Creation of dynamic property WC_Appota_Gateway::$liveurl is deprecated in /var/www/html/wp-content/plugins/woocommerce-appota-pay/woocommerce-appota-pay.php on line 101
[17-Apr-2024 08:49:36 UTC] PHP Deprecated:  Creation of dynamic property WC_Appota_Gateway::$testurl is deprecated in /var/www/html/wp-content/plugins/woocommerce-appota-pay/woocommerce-appota-pay.php on line 102
[17-Apr-2024 08:49:48 UTC] []
[17-Apr-2024 08:51:37 UTC] missing_token Unable to send request to WooCommerce Shipping & Tax server. WordPress.com token is missing (fetch_service_schemas_from_connect_server)
[17-Apr-2024 08:52:43 UTC] missing_token Unable to send request to WooCommerce Shipping & Tax server. WordPress.com token is missing (fetch_service_schemas_from_connect_server)
[17-Apr-2024 08:53:49 UTC] missing_token Unable to send request to WooCommerce Shipping & Tax server. WordPress.com token is missing (fetch_service_schemas_from_connect_server)
[17-Apr-2024 08:53:57 UTC] PHP Deprecated:  Creation of dynamic property WC_Appota_Gateway::$liveurl is deprecated in /var/www/html/wp-content/plugins/woocommerce-appota-pay/woocommerce-appota-pay.php on line 101
[17-Apr-2024 08:53:57 UTC] PHP Deprecated:  Creation of dynamic property WC_Appota_Gateway::$testurl is deprecated in /var/www/html/wp-content/plugins/woocommerce-appota-pay/woocommerce-appota-pay.php on line 102
[17-Apr-2024 08:53:58 UTC] PHP Deprecated:  Creation of dynamic property WC_Appota_Gateway::$liveurl is deprecated in /var/www/html/wp-content/plugins/woocommerce-appota-pay/woocommerce-appota-pay.php on line 101
[17-Apr-2024 08:53:58 UTC] PHP Deprecated:  Creation of dynamic property WC_Appota_Gateway::$testurl is deprecated in /var/www/html/wp-content/plugins/woocommerce-appota-pay/woocommerce-appota-pay.php on line 102
[17-Apr-2024 08:53:59 UTC] []
[17-Apr-2024 08:54:43 UTC] missing_token Unable to send request to WooCommerce Shipping & Tax server. WordPress.com token is missing (fetch_service_schemas_from_connect_server)
[17-Apr-2024 08:55:36 UTC] missing_token Unable to send request to WooCommerce Shipping & Tax server. WordPress.com token is missing (fetch_service_schemas_from_connect_server)
[17-Apr-2024 08:55:44 UTC] PHP Deprecated:  Creation of dynamic property WC_Appota_Gateway::$liveurl is deprecated in /var/www/html/wp-content/plugins/woocommerce-appota-pay/woocommerce-appota-pay.php on line 101
[17-Apr-2024 08:55:44 UTC] PHP Deprecated:  Creation of dynamic property WC_Appota_Gateway::$testurl is deprecated in /var/www/html/wp-content/plugins/woocommerce-appota-pay/woocommerce-appota-pay.php on line 102
[17-Apr-2024 08:55:46 UTC] PHP Deprecated:  Creation of dynamic property WC_Appota_Gateway::$liveurl is deprecated in /var/www/html/wp-content/plugins/woocommerce-appota-pay/woocommerce-appota-pay.php on line 101
[17-Apr-2024 08:55:46 UTC] PHP Deprecated:  Creation of dynamic property WC_Appota_Gateway::$testurl is deprecated in /var/www/html/wp-content/plugins/woocommerce-appota-pay/woocommerce-appota-pay.php on line 102
[17-Apr-2024 08:56:29 UTC] missing_token Unable to send request to WooCommerce Shipping & Tax server. WordPress.com token is missing (fetch_service_schemas_from_connect_server)
[17-Apr-2024 08:56:38 UTC] PHP Deprecated:  Creation of dynamic property WC_Appota_Gateway::$liveurl is deprecated in /var/www/html/wp-content/plugins/woocommerce-appota-pay/woocommerce-appota-pay.php on line 101
[17-Apr-2024 08:56:38 UTC] PHP Deprecated:  Creation of dynamic property WC_Appota_Gateway::$testurl is deprecated in /var/www/html/wp-content/plugins/woocommerce-appota-pay/woocommerce-appota-pay.php on line 102
[17-Apr-2024 08:56:39 UTC] PHP Deprecated:  Creation of dynamic property WC_Appota_Gateway::$liveurl is deprecated in /var/www/html/wp-content/plugins/woocommerce-appota-pay/woocommerce-appota-pay.php on line 101
[17-Apr-2024 08:56:39 UTC] PHP Deprecated:  Creation of dynamic property WC_Appota_Gateway::$testurl is deprecated in /var/www/html/wp-content/plugins/woocommerce-appota-pay/woocommerce-appota-pay.php on line 102
[17-Apr-2024 08:56:44 UTC] missing_token Unable to send request to WooCommerce Shipping & Tax server. WordPress.com token is missing (fetch_service_schemas_from_connect_server)
[17-Apr-2024 08:58:15 UTC] missing_token Unable to send request to WooCommerce Shipping & Tax server. WordPress.com token is missing (fetch_service_schemas_from_connect_server)
[17-Apr-2024 08:58:23 UTC] PHP Deprecated:  Creation of dynamic property WC_Appota_Gateway::$liveurl is deprecated in /var/www/html/wp-content/plugins/woocommerce-appota-pay/woocommerce-appota-pay.php on line 101
[17-Apr-2024 08:58:23 UTC] PHP Deprecated:  Creation of dynamic property WC_Appota_Gateway::$testurl is deprecated in /var/www/html/wp-content/plugins/woocommerce-appota-pay/woocommerce-appota-pay.php on line 102
[17-Apr-2024 08:58:24 UTC] PHP Deprecated:  Creation of dynamic property WC_Appota_Gateway::$liveurl is deprecated in /var/www/html/wp-content/plugins/woocommerce-appota-pay/woocommerce-appota-pay.php on line 101
[17-Apr-2024 08:58:24 UTC] PHP Deprecated:  Creation of dynamic property WC_Appota_Gateway::$testurl is deprecated in /var/www/html/wp-content/plugins/woocommerce-appota-pay/woocommerce-appota-pay.php on line 102
[17-Apr-2024 08:58:46 UTC] missing_token Unable to send request to WooCommerce Shipping & Tax server. WordPress.com token is missing (fetch_service_schemas_from_connect_server)
[17-Apr-2024 09:00:11 UTC] missing_token Unable to send request to WooCommerce Shipping & Tax server. WordPress.com token is missing (fetch_service_schemas_from_connect_server)
[17-Apr-2024 09:00:20 UTC] PHP Deprecated:  Creation of dynamic property WC_Appota_Gateway::$liveurl is deprecated in /var/www/html/wp-content/plugins/woocommerce-appota-pay/woocommerce-appota-pay.php on line 101
[17-Apr-2024 09:00:20 UTC] PHP Deprecated:  Creation of dynamic property WC_Appota_Gateway::$testurl is deprecated in /var/www/html/wp-content/plugins/woocommerce-appota-pay/woocommerce-appota-pay.php on line 102
[17-Apr-2024 09:00:21 UTC] PHP Deprecated:  Creation of dynamic property WC_Appota_Gateway::$liveurl is deprecated in /var/www/html/wp-content/plugins/woocommerce-appota-pay/woocommerce-appota-pay.php on line 101
[17-Apr-2024 09:00:21 UTC] PHP Deprecated:  Creation of dynamic property WC_Appota_Gateway::$testurl is deprecated in /var/www/html/wp-content/plugins/woocommerce-appota-pay/woocommerce-appota-pay.php on line 102
[17-Apr-2024 09:00:47 UTC] missing_token Unable to send request to WooCommerce Shipping & Tax server. WordPress.com token is missing (fetch_service_schemas_from_connect_server)
[17-Apr-2024 09:00:50 UTC] missing_token Unable to send request to WooCommerce Shipping & Tax server. WordPress.com token is missing (fetch_service_schemas_from_connect_server)
[17-Apr-2024 09:00:58 UTC] PHP Deprecated:  Creation of dynamic property WC_Appota_Gateway::$liveurl is deprecated in /var/www/html/wp-content/plugins/woocommerce-appota-pay/woocommerce-appota-pay.php on line 101
[17-Apr-2024 09:00:58 UTC] PHP Deprecated:  Creation of dynamic property WC_Appota_Gateway::$testurl is deprecated in /var/www/html/wp-content/plugins/woocommerce-appota-pay/woocommerce-appota-pay.php on line 102
[17-Apr-2024 09:00:59 UTC] PHP Deprecated:  Creation of dynamic property WC_Appota_Gateway::$liveurl is deprecated in /var/www/html/wp-content/plugins/woocommerce-appota-pay/woocommerce-appota-pay.php on line 101
[17-Apr-2024 09:00:59 UTC] PHP Deprecated:  Creation of dynamic property WC_Appota_Gateway::$testurl is deprecated in /var/www/html/wp-content/plugins/woocommerce-appota-pay/woocommerce-appota-pay.php on line 102
[17-Apr-2024 09:01:15 UTC] missing_token Unable to send request to WooCommerce Shipping & Tax server. WordPress.com token is missing (fetch_service_schemas_from_connect_server)
[17-Apr-2024 09:01:25 UTC] PHP Deprecated:  Creation of dynamic property WC_Appota_Gateway::$liveurl is deprecated in /var/www/html/wp-content/plugins/woocommerce-appota-pay/woocommerce-appota-pay.php on line 101
[17-Apr-2024 09:01:25 UTC] PHP Deprecated:  Creation of dynamic property WC_Appota_Gateway::$testurl is deprecated in /var/www/html/wp-content/plugins/woocommerce-appota-pay/woocommerce-appota-pay.php on line 102
[17-Apr-2024 09:01:26 UTC] PHP Deprecated:  Creation of dynamic property WC_Appota_Gateway::$liveurl is deprecated in /var/www/html/wp-content/plugins/woocommerce-appota-pay/woocommerce-appota-pay.php on line 101
[17-Apr-2024 09:01:26 UTC] PHP Deprecated:  Creation of dynamic property WC_Appota_Gateway::$testurl is deprecated in /var/www/html/wp-content/plugins/woocommerce-appota-pay/woocommerce-appota-pay.php on line 102
[17-Apr-2024 09:02:18 UTC] missing_token Unable to send request to WooCommerce Shipping & Tax server. WordPress.com token is missing (fetch_service_schemas_from_connect_server)
[17-Apr-2024 09:02:27 UTC] PHP Deprecated:  Creation of dynamic property WC_Appota_Gateway::$liveurl is deprecated in /var/www/html/wp-content/plugins/woocommerce-appota-pay/woocommerce-appota-pay.php on line 101
[17-Apr-2024 09:02:27 UTC] PHP Deprecated:  Creation of dynamic property WC_Appota_Gateway::$testurl is deprecated in /var/www/html/wp-content/plugins/woocommerce-appota-pay/woocommerce-appota-pay.php on line 102
[17-Apr-2024 09:02:28 UTC] PHP Deprecated:  Creation of dynamic property WC_Appota_Gateway::$liveurl is deprecated in /var/www/html/wp-content/plugins/woocommerce-appota-pay/woocommerce-appota-pay.php on line 101
[17-Apr-2024 09:02:28 UTC] PHP Deprecated:  Creation of dynamic property WC_Appota_Gateway::$testurl is deprecated in /var/www/html/wp-content/plugins/woocommerce-appota-pay/woocommerce-appota-pay.php on line 102
[17-Apr-2024 09:02:48 UTC] missing_token Unable to send request to WooCommerce Shipping & Tax server. WordPress.com token is missing (fetch_service_schemas_from_connect_server)
[17-Apr-2024 09:04:45 UTC] missing_token Unable to send request to WooCommerce Shipping & Tax server. WordPress.com token is missing (fetch_service_schemas_from_connect_server)
[17-Apr-2024 09:04:54 UTC] PHP Deprecated:  Creation of dynamic property WC_Appota_Gateway::$liveurl is deprecated in /var/www/html/wp-content/plugins/woocommerce-appota-pay/woocommerce-appota-pay.php on line 101
[17-Apr-2024 09:04:54 UTC] PHP Deprecated:  Creation of dynamic property WC_Appota_Gateway::$testurl is deprecated in /var/www/html/wp-content/plugins/woocommerce-appota-pay/woocommerce-appota-pay.php on line 102
[17-Apr-2024 09:04:55 UTC] PHP Deprecated:  Creation of dynamic property WC_Appota_Gateway::$liveurl is deprecated in /var/www/html/wp-content/plugins/woocommerce-appota-pay/woocommerce-appota-pay.php on line 101
[17-Apr-2024 09:04:55 UTC] PHP Deprecated:  Creation of dynamic property WC_Appota_Gateway::$testurl is deprecated in /var/www/html/wp-content/plugins/woocommerce-appota-pay/woocommerce-appota-pay.php on line 102
[17-Apr-2024 09:05:16 UTC] missing_token Unable to send request to WooCommerce Shipping & Tax server. WordPress.com token is missing (fetch_service_schemas_from_connect_server)
[17-Apr-2024 09:05:25 UTC] PHP Deprecated:  Creation of dynamic property WC_Appota_Gateway::$liveurl is deprecated in /var/www/html/wp-content/plugins/woocommerce-appota-pay/woocommerce-appota-pay.php on line 101
[17-Apr-2024 09:05:25 UTC] PHP Deprecated:  Creation of dynamic property WC_Appota_Gateway::$testurl is deprecated in /var/www/html/wp-content/plugins/woocommerce-appota-pay/woocommerce-appota-pay.php on line 102
[17-Apr-2024 09:05:26 UTC] PHP Deprecated:  Creation of dynamic property WC_Appota_Gateway::$liveurl is deprecated in /var/www/html/wp-content/plugins/woocommerce-appota-pay/woocommerce-appota-pay.php on line 101
[17-Apr-2024 09:05:26 UTC] PHP Deprecated:  Creation of dynamic property WC_Appota_Gateway::$testurl is deprecated in /var/www/html/wp-content/plugins/woocommerce-appota-pay/woocommerce-appota-pay.php on line 102
[17-Apr-2024 09:07:03 UTC] missing_token Unable to send request to WooCommerce Shipping & Tax server. WordPress.com token is missing (fetch_service_schemas_from_connect_server)
[17-Apr-2024 09:07:21 UTC] missing_token Unable to send request to WooCommerce Shipping & Tax server. WordPress.com token is missing (fetch_service_schemas_from_connect_server)
[17-Apr-2024 09:07:30 UTC] PHP Deprecated:  Creation of dynamic property WC_Appota_Gateway::$liveurl is deprecated in /var/www/html/wp-content/plugins/woocommerce-appota-pay/woocommerce-appota-pay.php on line 101
[17-Apr-2024 09:07:30 UTC] PHP Deprecated:  Creation of dynamic property WC_Appota_Gateway::$testurl is deprecated in /var/www/html/wp-content/plugins/woocommerce-appota-pay/woocommerce-appota-pay.php on line 102
[17-Apr-2024 09:07:31 UTC] PHP Deprecated:  Creation of dynamic property WC_Appota_Gateway::$liveurl is deprecated in /var/www/html/wp-content/plugins/woocommerce-appota-pay/woocommerce-appota-pay.php on line 101
[17-Apr-2024 09:07:31 UTC] PHP Deprecated:  Creation of dynamic property WC_Appota_Gateway::$testurl is deprecated in /var/www/html/wp-content/plugins/woocommerce-appota-pay/woocommerce-appota-pay.php on line 102
[17-Apr-2024 09:09:03 UTC] missing_token Unable to send request to WooCommerce Shipping & Tax server. WordPress.com token is missing (fetch_service_schemas_from_connect_server)
[17-Apr-2024 09:11:06 UTC] missing_token Unable to send request to WooCommerce Shipping & Tax server. WordPress.com token is missing (fetch_service_schemas_from_connect_server)
[17-Apr-2024 09:13:06 UTC] missing_token Unable to send request to WooCommerce Shipping & Tax server. WordPress.com token is missing (fetch_service_schemas_from_connect_server)
[17-Apr-2024 09:15:07 UTC] missing_token Unable to send request to WooCommerce Shipping & Tax server. WordPress.com token is missing (fetch_service_schemas_from_connect_server)
[17-Apr-2024 09:17:07 UTC] missing_token Unable to send request to WooCommerce Shipping & Tax server. WordPress.com token is missing (fetch_service_schemas_from_connect_server)
[17-Apr-2024 09:22:46 UTC] missing_token Unable to send request to WooCommerce Shipping & Tax server. WordPress.com token is missing (fetch_service_schemas_from_connect_server)
[17-Apr-2024 09:22:55 UTC] PHP Deprecated:  Creation of dynamic property WC_Appota_Gateway::$liveurl is deprecated in /var/www/html/wp-content/plugins/woocommerce-appota-pay/woocommerce-appota-pay.php on line 101
[17-Apr-2024 09:22:55 UTC] PHP Deprecated:  Creation of dynamic property WC_Appota_Gateway::$testurl is deprecated in /var/www/html/wp-content/plugins/woocommerce-appota-pay/woocommerce-appota-pay.php on line 102
[17-Apr-2024 09:22:56 UTC] PHP Deprecated:  Creation of dynamic property WC_Appota_Gateway::$liveurl is deprecated in /var/www/html/wp-content/plugins/woocommerce-appota-pay/woocommerce-appota-pay.php on line 101
[17-Apr-2024 09:22:56 UTC] PHP Deprecated:  Creation of dynamic property WC_Appota_Gateway::$testurl is deprecated in /var/www/html/wp-content/plugins/woocommerce-appota-pay/woocommerce-appota-pay.php on line 102
[17-Apr-2024 09:24:06 UTC] missing_token Unable to send request to WooCommerce Shipping & Tax server. WordPress.com token is missing (fetch_service_schemas_from_connect_server)
[17-Apr-2024 09:24:16 UTC] missing_token Unable to send request to WooCommerce Shipping & Tax server. WordPress.com token is missing (fetch_service_schemas_from_connect_server)
[17-Apr-2024 09:24:18 UTC] missing_token Unable to send request to WooCommerce Shipping & Tax server. WordPress.com token is missing (fetch_service_schemas_from_connect_server)
[17-Apr-2024 09:24:22 UTC] PHP Deprecated:  Creation of dynamic property WC_Appota_Gateway::$liveurl is deprecated in /var/www/html/wp-content/plugins/woocommerce-appota-pay/woocommerce-appota-pay.php on line 101
[17-Apr-2024 09:24:22 UTC] PHP Deprecated:  Creation of dynamic property WC_Appota_Gateway::$testurl is deprecated in /var/www/html/wp-content/plugins/woocommerce-appota-pay/woocommerce-appota-pay.php on line 102
[17-Apr-2024 09:24:24 UTC] PHP Notice:  Function register_rest_route được gọi không chính xác. The REST API route definition for custom/v1/custom-posts is missing the required permission_callback argument. For REST API routes that are intended to be public, use __return_true as the permission callback. Vui lòng xem <a>Hướng dẫn Debug trong WordPress</a> để biết thêm thông tin. (Thông điệp này đã được thêm vào trong phiên bản 5.5.0.) in /var/www/html/wp-includes/functions.php on line 6031
[17-Apr-2024 09:24:24 UTC] PHP Deprecated:  Creation of dynamic property WC_Appota_Gateway::$liveurl is deprecated in /var/www/html/wp-content/plugins/woocommerce-appota-pay/woocommerce-appota-pay.php on line 101
[17-Apr-2024 09:24:24 UTC] PHP Deprecated:  Creation of dynamic property WC_Appota_Gateway::$testurl is deprecated in /var/www/html/wp-content/plugins/woocommerce-appota-pay/woocommerce-appota-pay.php on line 102
[17-Apr-2024 09:24:29 UTC] missing_token Unable to send request to WooCommerce Shipping & Tax server. WordPress.com token is missing (fetch_service_schemas_from_connect_server)
[17-Apr-2024 09:24:29 UTC] missing_token Unable to send request to WooCommerce Shipping & Tax server. WordPress.com token is missing (fetch_service_schemas_from_connect_server)
[17-Apr-2024 09:24:29 UTC] missing_token Unable to send request to WooCommerce Shipping & Tax server. WordPress.com token is missing (fetch_service_schemas_from_connect_server)
[17-Apr-2024 09:24:29 UTC] missing_token Unable to send request to WooCommerce Shipping & Tax server. WordPress.com token is missing (fetch_service_schemas_from_connect_server)
[17-Apr-2024 09:24:29 UTC] missing_token Unable to send request to WooCommerce Shipping & Tax server. WordPress.com token is missing (fetch_service_schemas_from_connect_server)
[17-Apr-2024 09:24:29 UTC] missing_token Unable to send request to WooCommerce Shipping & Tax server. WordPress.com token is missing (fetch_service_schemas_from_connect_server)
[17-Apr-2024 09:24:31 UTC] PHP Deprecated:  Creation of dynamic property WC_Appota_Gateway::$liveurl is deprecated in /var/www/html/wp-content/plugins/woocommerce-appota-pay/woocommerce-appota-pay.php on line 101
[17-Apr-2024 09:24:31 UTC] PHP Deprecated:  Creation of dynamic property WC_Appota_Gateway::$liveurl is deprecated in /var/www/html/wp-content/plugins/woocommerce-appota-pay/woocommerce-appota-pay.php on line 101
[17-Apr-2024 09:24:31 UTC] PHP Deprecated:  Creation of dynamic property WC_Appota_Gateway::$testurl is deprecated in /var/www/html/wp-content/plugins/woocommerce-appota-pay/woocommerce-appota-pay.php on line 102
[17-Apr-2024 09:24:31 UTC] PHP Deprecated:  Creation of dynamic property WC_Appota_Gateway::$testurl is deprecated in /var/www/html/wp-content/plugins/woocommerce-appota-pay/woocommerce-appota-pay.php on line 102
[17-Apr-2024 09:24:31 UTC] PHP Deprecated:  Creation of dynamic property WC_Appota_Gateway::$liveurl is deprecated in /var/www/html/wp-content/plugins/woocommerce-appota-pay/woocommerce-appota-pay.php on line 101
[17-Apr-2024 09:24:31 UTC] PHP Deprecated:  Creation of dynamic property WC_Appota_Gateway::$testurl is deprecated in /var/www/html/wp-content/plugins/woocommerce-appota-pay/woocommerce-appota-pay.php on line 102
[17-Apr-2024 09:24:31 UTC] PHP Deprecated:  Creation of dynamic property WC_Appota_Gateway::$liveurl is deprecated in /var/www/html/wp-content/plugins/woocommerce-appota-pay/woocommerce-appota-pay.php on line 101
[17-Apr-2024 09:24:31 UTC] PHP Deprecated:  Creation of dynamic property WC_Appota_Gateway::$testurl is deprecated in /var/www/html/wp-content/plugins/woocommerce-appota-pay/woocommerce-appota-pay.php on line 102
[17-Apr-2024 09:24:31 UTC] PHP Deprecated:  Creation of dynamic property WC_Appota_Gateway::$liveurl is deprecated in /var/www/html/wp-content/plugins/woocommerce-appota-pay/woocommerce-appota-pay.php on line 101
[17-Apr-2024 09:24:31 UTC] PHP Deprecated:  Creation of dynamic property WC_Appota_Gateway::$testurl is deprecated in /var/www/html/wp-content/plugins/woocommerce-appota-pay/woocommerce-appota-pay.php on line 102
[17-Apr-2024 09:24:32 UTC] PHP Deprecated:  Creation of dynamic property WC_Appota_Gateway::$liveurl is deprecated in /var/www/html/wp-content/plugins/woocommerce-appota-pay/woocommerce-appota-pay.php on line 101
[17-Apr-2024 09:24:32 UTC] PHP Deprecated:  Creation of dynamic property WC_Appota_Gateway::$liveurl is deprecated in /var/www/html/wp-content/plugins/woocommerce-appota-pay/woocommerce-appota-pay.php on line 101
[17-Apr-2024 09:24:32 UTC] PHP Deprecated:  Creation of dynamic property WC_Appota_Gateway::$liveurl is deprecated in /var/www/html/wp-content/plugins/woocommerce-appota-pay/woocommerce-appota-pay.php on line 101
[17-Apr-2024 09:24:32 UTC] PHP Deprecated:  Creation of dynamic property WC_Appota_Gateway::$liveurl is deprecated in /var/www/html/wp-content/plugins/woocommerce-appota-pay/woocommerce-appota-pay.php on line 101
[17-Apr-2024 09:24:32 UTC] PHP Deprecated:  Creation of dynamic property WC_Appota_Gateway::$liveurl is deprecated in /var/www/html/wp-content/plugins/woocommerce-appota-pay/woocommerce-appota-pay.php on line 101
[17-Apr-2024 09:24:32 UTC] PHP Deprecated:  Creation of dynamic property WC_Appota_Gateway::$testurl is deprecated in /var/www/html/wp-content/plugins/woocommerce-appota-pay/woocommerce-appota-pay.php on line 102
[17-Apr-2024 09:24:32 UTC] PHP Deprecated:  Creation of dynamic property WC_Appota_Gateway::$testurl is deprecated in /var/www/html/wp-content/plugins/woocommerce-appota-pay/woocommerce-appota-pay.php on line 102
[17-Apr-2024 09:24:32 UTC] PHP Deprecated:  Creation of dynamic property WC_Appota_Gateway::$testurl is deprecated in /var/www/html/wp-content/plugins/woocommerce-appota-pay/woocommerce-appota-pay.php on line 102
[17-Apr-2024 09:24:32 UTC] PHP Deprecated:  Creation of dynamic property WC_Appota_Gateway::$testurl is deprecated in /var/www/html/wp-content/plugins/woocommerce-appota-pay/woocommerce-appota-pay.php on line 102
[17-Apr-2024 09:24:32 UTC] PHP Deprecated:  Creation of dynamic property WC_Appota_Gateway::$testurl is deprecated in /var/www/html/wp-content/plugins/woocommerce-appota-pay/woocommerce-appota-pay.php on line 102
[17-Apr-2024 09:24:32 UTC] PHP Deprecated:  Hook woocommerce_rest_api_option_permissions đã bị loại bỏ từ phiên bản 6.3.0! Không có giải pháp nào thay thế. in /var/www/html/wp-includes/functions.php on line 6031
[17-Apr-2024 09:24:32 UTC] PHP Deprecated:  Hook woocommerce_rest_api_option_permissions đã bị loại bỏ từ phiên bản 6.3.0! Không có giải pháp nào thay thế. in /var/www/html/wp-includes/functions.php on line 6031
[17-Apr-2024 09:24:32 UTC] PHP Deprecated:  Hook woocommerce_rest_api_option_permissions đã bị loại bỏ từ phiên bản 6.3.0! Không có giải pháp nào thay thế. in /var/www/html/wp-includes/functions.php on line 6031
[17-Apr-2024 09:24:32 UTC] PHP Deprecated:  Creation of dynamic property WC_Appota_Gateway::$liveurl is deprecated in /var/www/html/wp-content/plugins/woocommerce-appota-pay/woocommerce-appota-pay.php on line 101
[17-Apr-2024 09:24:32 UTC] PHP Deprecated:  Creation of dynamic property WC_Appota_Gateway::$testurl is deprecated in /var/www/html/wp-content/plugins/woocommerce-appota-pay/woocommerce-appota-pay.php on line 102
[17-Apr-2024 09:24:32 UTC] PHP Deprecated:  Creation of dynamic property WC_Appota_Gateway::$liveurl is deprecated in /var/www/html/wp-content/plugins/woocommerce-appota-pay/woocommerce-appota-pay.php on line 101
[17-Apr-2024 09:24:32 UTC] PHP Deprecated:  Creation of dynamic property WC_Appota_Gateway::$testurl is deprecated in /var/www/html/wp-content/plugins/woocommerce-appota-pay/woocommerce-appota-pay.php on line 102
[17-Apr-2024 09:24:38 UTC] missing_token Unable to send request to WooCommerce Shipping & Tax server. WordPress.com token is missing (fetch_service_schemas_from_connect_server)
[17-Apr-2024 09:24:44 UTC] PHP Deprecated:  Creation of dynamic property WC_Appota_Gateway::$liveurl is deprecated in /var/www/html/wp-content/plugins/woocommerce-appota-pay/woocommerce-appota-pay.php on line 101
[17-Apr-2024 09:24:44 UTC] PHP Deprecated:  Creation of dynamic property WC_Appota_Gateway::$testurl is deprecated in /var/www/html/wp-content/plugins/woocommerce-appota-pay/woocommerce-appota-pay.php on line 102
[17-Apr-2024 09:24:45 UTC] PHP Deprecated:  Creation of dynamic property WC_Appota_Gateway::$liveurl is deprecated in /var/www/html/wp-content/plugins/woocommerce-appota-pay/woocommerce-appota-pay.php on line 101
[17-Apr-2024 09:24:45 UTC] PHP Deprecated:  Creation of dynamic property WC_Appota_Gateway::$testurl is deprecated in /var/www/html/wp-content/plugins/woocommerce-appota-pay/woocommerce-appota-pay.php on line 102
[17-Apr-2024 09:24:46 UTC] PHP Deprecated:  Hook woocommerce_rest_api_option_permissions đã bị loại bỏ từ phiên bản 6.3.0! Không có giải pháp nào thay thế. in /var/www/html/wp-includes/functions.php on line 6031
[17-Apr-2024 09:25:35 UTC] missing_token Unable to send request to WooCommerce Shipping & Tax server. WordPress.com token is missing (fetch_service_schemas_from_connect_server)
[17-Apr-2024 09:26:09 UTC] missing_token Unable to send request to WooCommerce Shipping & Tax server. WordPress.com token is missing (fetch_service_schemas_from_connect_server)
[17-Apr-2024 09:26:18 UTC] PHP Deprecated:  Creation of dynamic property WC_Appota_Gateway::$liveurl is deprecated in /var/www/html/wp-content/plugins/woocommerce-appota-pay/woocommerce-appota-pay.php on line 101
[17-Apr-2024 09:26:18 UTC] PHP Deprecated:  Creation of dynamic property WC_Appota_Gateway::$testurl is deprecated in /var/www/html/wp-content/plugins/woocommerce-appota-pay/woocommerce-appota-pay.php on line 102
[17-Apr-2024 09:26:19 UTC] PHP Notice:  Function register_rest_route được gọi không chính xác. The REST API route definition for custom/v1/custom-posts is missing the required permission_callback argument. For REST API routes that are intended to be public, use __return_true as the permission callback. Vui lòng xem <a>Hướng dẫn Debug trong WordPress</a> để biết thêm thông tin. (Thông điệp này đã được thêm vào trong phiên bản 5.5.0.) in /var/www/html/wp-includes/functions.php on line 6031
[17-Apr-2024 09:26:19 UTC] PHP Deprecated:  Creation of dynamic property WC_Appota_Gateway::$liveurl is deprecated in /var/www/html/wp-content/plugins/woocommerce-appota-pay/woocommerce-appota-pay.php on line 101
[17-Apr-2024 09:26:19 UTC] PHP Deprecated:  Creation of dynamic property WC_Appota_Gateway::$testurl is deprecated in /var/www/html/wp-content/plugins/woocommerce-appota-pay/woocommerce-appota-pay.php on line 102
[17-Apr-2024 09:26:24 UTC] missing_token Unable to send request to WooCommerce Shipping & Tax server. WordPress.com token is missing (fetch_service_schemas_from_connect_server)
[17-Apr-2024 09:26:24 UTC] missing_token Unable to send request to WooCommerce Shipping & Tax server. WordPress.com token is missing (fetch_service_schemas_from_connect_server)
[17-Apr-2024 09:26:24 UTC] missing_token Unable to send request to WooCommerce Shipping & Tax server. WordPress.com token is missing (fetch_service_schemas_from_connect_server)
[17-Apr-2024 09:26:24 UTC] missing_token Unable to send request to WooCommerce Shipping & Tax server. WordPress.com token is missing (fetch_service_schemas_from_connect_server)
[17-Apr-2024 09:26:24 UTC] missing_token Unable to send request to WooCommerce Shipping & Tax server. WordPress.com token is missing (fetch_service_schemas_from_connect_server)
[17-Apr-2024 09:26:24 UTC] missing_token Unable to send request to WooCommerce Shipping & Tax server. WordPress.com token is missing (fetch_service_schemas_from_connect_server)
[17-Apr-2024 09:26:26 UTC] PHP Deprecated:  Creation of dynamic property WC_Appota_Gateway::$liveurl is deprecated in /var/www/html/wp-content/plugins/woocommerce-appota-pay/woocommerce-appota-pay.php on line 101
[17-Apr-2024 09:26:26 UTC] PHP Deprecated:  Creation of dynamic property WC_Appota_Gateway::$testurl is deprecated in /var/www/html/wp-content/plugins/woocommerce-appota-pay/woocommerce-appota-pay.php on line 102
[17-Apr-2024 09:26:26 UTC] PHP Deprecated:  Creation of dynamic property WC_Appota_Gateway::$liveurl is deprecated in /var/www/html/wp-content/plugins/woocommerce-appota-pay/woocommerce-appota-pay.php on line 101
[17-Apr-2024 09:26:26 UTC] PHP Deprecated:  Creation of dynamic property WC_Appota_Gateway::$testurl is deprecated in /var/www/html/wp-content/plugins/woocommerce-appota-pay/woocommerce-appota-pay.php on line 102
[17-Apr-2024 09:26:26 UTC] PHP Deprecated:  Creation of dynamic property WC_Appota_Gateway::$liveurl is deprecated in /var/www/html/wp-content/plugins/woocommerce-appota-pay/woocommerce-appota-pay.php on line 101
[17-Apr-2024 09:26:26 UTC] PHP Deprecated:  Creation of dynamic property WC_Appota_Gateway::$testurl is deprecated in /var/www/html/wp-content/plugins/woocommerce-appota-pay/woocommerce-appota-pay.php on line 102
[17-Apr-2024 09:26:26 UTC] PHP Deprecated:  Creation of dynamic property WC_Appota_Gateway::$liveurl is deprecated in /var/www/html/wp-content/plugins/woocommerce-appota-pay/woocommerce-appota-pay.php on line 101
[17-Apr-2024 09:26:26 UTC] PHP Deprecated:  Creation of dynamic property WC_Appota_Gateway::$testurl is deprecated in /var/www/html/wp-content/plugins/woocommerce-appota-pay/woocommerce-appota-pay.php on line 102
[17-Apr-2024 09:26:26 UTC] PHP Deprecated:  Creation of dynamic property WC_Appota_Gateway::$liveurl is deprecated in /var/www/html/wp-content/plugins/woocommerce-appota-pay/woocommerce-appota-pay.php on line 101
[17-Apr-2024 09:26:26 UTC] PHP Deprecated:  Creation of dynamic property WC_Appota_Gateway::$liveurl is deprecated in /var/www/html/wp-content/plugins/woocommerce-appota-pay/woocommerce-appota-pay.php on line 101
[17-Apr-2024 09:26:26 UTC] PHP Deprecated:  Creation of dynamic property WC_Appota_Gateway::$liveurl is deprecated in /var/www/html/wp-content/plugins/woocommerce-appota-pay/woocommerce-appota-pay.php on line 101
[17-Apr-2024 09:26:26 UTC] PHP Deprecated:  Creation of dynamic property WC_Appota_Gateway::$liveurl is deprecated in /var/www/html/wp-content/plugins/woocommerce-appota-pay/woocommerce-appota-pay.php on line 101
[17-Apr-2024 09:26:26 UTC] PHP Deprecated:  Creation of dynamic property WC_Appota_Gateway::$testurl is deprecated in /var/www/html/wp-content/plugins/woocommerce-appota-pay/woocommerce-appota-pay.php on line 102
[17-Apr-2024 09:26:26 UTC] PHP Deprecated:  Creation of dynamic property WC_Appota_Gateway::$testurl is deprecated in /var/www/html/wp-content/plugins/woocommerce-appota-pay/woocommerce-appota-pay.php on line 102
[17-Apr-2024 09:26:26 UTC] PHP Deprecated:  Creation of dynamic property WC_Appota_Gateway::$testurl is deprecated in /var/www/html/wp-content/plugins/woocommerce-appota-pay/woocommerce-appota-pay.php on line 102
[17-Apr-2024 09:26:26 UTC] PHP Deprecated:  Creation of dynamic property WC_Appota_Gateway::$testurl is deprecated in /var/www/html/wp-content/plugins/woocommerce-appota-pay/woocommerce-appota-pay.php on line 102
[17-Apr-2024 09:26:26 UTC] PHP Deprecated:  Creation of dynamic property WC_Appota_Gateway::$liveurl is deprecated in /var/www/html/wp-content/plugins/woocommerce-appota-pay/woocommerce-appota-pay.php on line 101
[17-Apr-2024 09:26:26 UTC] PHP Deprecated:  Creation of dynamic property WC_Appota_Gateway::$testurl is deprecated in /var/www/html/wp-content/plugins/woocommerce-appota-pay/woocommerce-appota-pay.php on line 102
[17-Apr-2024 09:26:26 UTC] PHP Deprecated:  Creation of dynamic property WC_Appota_Gateway::$liveurl is deprecated in /var/www/html/wp-content/plugins/woocommerce-appota-pay/woocommerce-appota-pay.php on line 101
[17-Apr-2024 09:26:26 UTC] PHP Deprecated:  Creation of dynamic property WC_Appota_Gateway::$testurl is deprecated in /var/www/html/wp-content/plugins/woocommerce-appota-pay/woocommerce-appota-pay.php on line 102
[17-Apr-2024 09:26:27 UTC] PHP Deprecated:  Hook woocommerce_rest_api_option_permissions đã bị loại bỏ từ phiên bản 6.3.0! Không có giải pháp nào thay thế. in /var/www/html/wp-includes/functions.php on line 6031
[17-Apr-2024 09:26:27 UTC] PHP Deprecated:  Hook woocommerce_rest_api_option_permissions đã bị loại bỏ từ phiên bản 6.3.0! Không có giải pháp nào thay thế. in /var/www/html/wp-includes/functions.php on line 6031
[17-Apr-2024 09:26:27 UTC] PHP Deprecated:  Creation of dynamic property WC_Appota_Gateway::$liveurl is deprecated in /var/www/html/wp-content/plugins/woocommerce-appota-pay/woocommerce-appota-pay.php on line 101
[17-Apr-2024 09:26:27 UTC] PHP Deprecated:  Creation of dynamic property WC_Appota_Gateway::$testurl is deprecated in /var/www/html/wp-content/plugins/woocommerce-appota-pay/woocommerce-appota-pay.php on line 102
[17-Apr-2024 09:26:28 UTC] PHP Deprecated:  Creation of dynamic property WC_Appota_Gateway::$liveurl is deprecated in /var/www/html/wp-content/plugins/woocommerce-appota-pay/woocommerce-appota-pay.php on line 101
[17-Apr-2024 09:26:28 UTC] PHP Deprecated:  Creation of dynamic property WC_Appota_Gateway::$testurl is deprecated in /var/www/html/wp-content/plugins/woocommerce-appota-pay/woocommerce-appota-pay.php on line 102
[17-Apr-2024 09:26:28 UTC] PHP Deprecated:  Hook woocommerce_rest_api_option_permissions đã bị loại bỏ từ phiên bản 6.3.0! Không có giải pháp nào thay thế. in /var/www/html/wp-includes/functions.php on line 6031
[17-Apr-2024 09:26:31 UTC] missing_token Unable to send request to WooCommerce Shipping & Tax server. WordPress.com token is missing (fetch_service_schemas_from_connect_server)
[17-Apr-2024 09:26:31 UTC] missing_token Unable to send request to WooCommerce Shipping & Tax server. WordPress.com token is missing (fetch_service_schemas_from_connect_server)
[17-Apr-2024 09:26:33 UTC] PHP Deprecated:  Creation of dynamic property WC_Appota_Gateway::$liveurl is deprecated in /var/www/html/wp-content/plugins/woocommerce-appota-pay/woocommerce-appota-pay.php on line 101
[17-Apr-2024 09:26:33 UTC] PHP Deprecated:  Creation of dynamic property WC_Appota_Gateway::$testurl is deprecated in /var/www/html/wp-content/plugins/woocommerce-appota-pay/woocommerce-appota-pay.php on line 102
[17-Apr-2024 09:26:34 UTC] PHP Deprecated:  Creation of dynamic property WC_Appota_Gateway::$liveurl is deprecated in /var/www/html/wp-content/plugins/woocommerce-appota-pay/woocommerce-appota-pay.php on line 101
[17-Apr-2024 09:26:34 UTC] PHP Deprecated:  Creation of dynamic property WC_Appota_Gateway::$testurl is deprecated in /var/www/html/wp-content/plugins/woocommerce-appota-pay/woocommerce-appota-pay.php on line 102
[17-Apr-2024 09:26:34 UTC] PHP Deprecated:  Creation of dynamic property WC_Appota_Gateway::$liveurl is deprecated in /var/www/html/wp-content/plugins/woocommerce-appota-pay/woocommerce-appota-pay.php on line 101
[17-Apr-2024 09:26:34 UTC] PHP Deprecated:  Creation of dynamic property WC_Appota_Gateway::$testurl is deprecated in /var/www/html/wp-content/plugins/woocommerce-appota-pay/woocommerce-appota-pay.php on line 102
[17-Apr-2024 09:26:35 UTC] PHP Notice:  Function register_rest_route được gọi không chính xác. The REST API route definition for custom/v1/custom-posts is missing the required permission_callback argument. For REST API routes that are intended to be public, use __return_true as the permission callback. Vui lòng xem <a>Hướng dẫn Debug trong WordPress</a> để biết thêm thông tin. (Thông điệp này đã được thêm vào trong phiên bản 5.5.0.) in /var/www/html/wp-includes/functions.php on line 6031
[17-Apr-2024 09:26:35 UTC] PHP Deprecated:  Creation of dynamic property WC_Appota_Gateway::$liveurl is deprecated in /var/www/html/wp-content/plugins/woocommerce-appota-pay/woocommerce-appota-pay.php on line 101
[17-Apr-2024 09:26:35 UTC] PHP Deprecated:  Creation of dynamic property WC_Appota_Gateway::$testurl is deprecated in /var/www/html/wp-content/plugins/woocommerce-appota-pay/woocommerce-appota-pay.php on line 102
[17-Apr-2024 09:26:35 UTC] PHP Deprecated:  Hook woocommerce_rest_api_option_permissions đã bị loại bỏ từ phiên bản 6.3.0! Không có giải pháp nào thay thế. in /var/www/html/wp-includes/functions.php on line 6031
[17-Apr-2024 09:26:38 UTC] missing_token Unable to send request to WooCommerce Shipping & Tax server. WordPress.com token is missing (fetch_service_schemas_from_connect_server)
[17-Apr-2024 09:26:38 UTC] missing_token Unable to send request to WooCommerce Shipping & Tax server. WordPress.com token is missing (fetch_service_schemas_from_connect_server)
[17-Apr-2024 09:26:38 UTC] missing_token Unable to send request to WooCommerce Shipping & Tax server. WordPress.com token is missing (fetch_service_schemas_from_connect_server)
[17-Apr-2024 09:26:38 UTC] missing_token Unable to send request to WooCommerce Shipping & Tax server. WordPress.com token is missing (fetch_service_schemas_from_connect_server)
[17-Apr-2024 09:26:38 UTC] missing_token Unable to send request to WooCommerce Shipping & Tax server. WordPress.com token is missing (fetch_service_schemas_from_connect_server)
[17-Apr-2024 09:26:38 UTC] missing_token Unable to send request to WooCommerce Shipping & Tax server. WordPress.com token is missing (fetch_service_schemas_from_connect_server)
[17-Apr-2024 09:26:40 UTC] PHP Deprecated:  Creation of dynamic property WC_Appota_Gateway::$liveurl is deprecated in /var/www/html/wp-content/plugins/woocommerce-appota-pay/woocommerce-appota-pay.php on line 101
[17-Apr-2024 09:26:40 UTC] PHP Deprecated:  Creation of dynamic property WC_Appota_Gateway::$liveurl is deprecated in /var/www/html/wp-content/plugins/woocommerce-appota-pay/woocommerce-appota-pay.php on line 101
[17-Apr-2024 09:26:40 UTC] PHP Deprecated:  Creation of dynamic property WC_Appota_Gateway::$testurl is deprecated in /var/www/html/wp-content/plugins/woocommerce-appota-pay/woocommerce-appota-pay.php on line 102
[17-Apr-2024 09:26:40 UTC] PHP Deprecated:  Creation of dynamic property WC_Appota_Gateway::$testurl is deprecated in /var/www/html/wp-content/plugins/woocommerce-appota-pay/woocommerce-appota-pay.php on line 102
[17-Apr-2024 09:26:40 UTC] PHP Deprecated:  Creation of dynamic property WC_Appota_Gateway::$liveurl is deprecated in /var/www/html/wp-content/plugins/woocommerce-appota-pay/woocommerce-appota-pay.php on line 101
[17-Apr-2024 09:26:40 UTC] PHP Deprecated:  Creation of dynamic property WC_Appota_Gateway::$testurl is deprecated in /var/www/html/wp-content/plugins/woocommerce-appota-pay/woocommerce-appota-pay.php on line 102
[17-Apr-2024 09:26:40 UTC] PHP Deprecated:  Creation of dynamic property WC_Appota_Gateway::$liveurl is deprecated in /var/www/html/wp-content/plugins/woocommerce-appota-pay/woocommerce-appota-pay.php on line 101
[17-Apr-2024 09:26:40 UTC] PHP Deprecated:  Creation of dynamic property WC_Appota_Gateway::$testurl is deprecated in /var/www/html/wp-content/plugins/woocommerce-appota-pay/woocommerce-appota-pay.php on line 102
[17-Apr-2024 09:26:41 UTC] PHP Deprecated:  Creation of dynamic property WC_Appota_Gateway::$liveurl is deprecated in /var/www/html/wp-content/plugins/woocommerce-appota-pay/woocommerce-appota-pay.php on line 101
[17-Apr-2024 09:26:41 UTC] PHP Deprecated:  Creation of dynamic property WC_Appota_Gateway::$testurl is deprecated in /var/www/html/wp-content/plugins/woocommerce-appota-pay/woocommerce-appota-pay.php on line 102
[17-Apr-2024 09:26:41 UTC] PHP Deprecated:  Creation of dynamic property WC_Appota_Gateway::$liveurl is deprecated in /var/www/html/wp-content/plugins/woocommerce-appota-pay/woocommerce-appota-pay.php on line 101
[17-Apr-2024 09:26:41 UTC] PHP Deprecated:  Creation of dynamic property WC_Appota_Gateway::$liveurl is deprecated in /var/www/html/wp-content/plugins/woocommerce-appota-pay/woocommerce-appota-pay.php on line 101
[17-Apr-2024 09:26:41 UTC] PHP Deprecated:  Creation of dynamic property WC_Appota_Gateway::$liveurl is deprecated in /var/www/html/wp-content/plugins/woocommerce-appota-pay/woocommerce-appota-pay.php on line 101
[17-Apr-2024 09:26:41 UTC] PHP Deprecated:  Creation of dynamic property WC_Appota_Gateway::$liveurl is deprecated in /var/www/html/wp-content/plugins/woocommerce-appota-pay/woocommerce-appota-pay.php on line 101
[17-Apr-2024 09:26:41 UTC] PHP Deprecated:  Creation of dynamic property WC_Appota_Gateway::$testurl is deprecated in /var/www/html/wp-content/plugins/woocommerce-appota-pay/woocommerce-appota-pay.php on line 102
[17-Apr-2024 09:26:41 UTC] PHP Deprecated:  Creation of dynamic property WC_Appota_Gateway::$testurl is deprecated in /var/www/html/wp-content/plugins/woocommerce-appota-pay/woocommerce-appota-pay.php on line 102
[17-Apr-2024 09:26:41 UTC] PHP Deprecated:  Creation of dynamic property WC_Appota_Gateway::$testurl is deprecated in /var/www/html/wp-content/plugins/woocommerce-appota-pay/woocommerce-appota-pay.php on line 102
[17-Apr-2024 09:26:41 UTC] PHP Deprecated:  Creation of dynamic property WC_Appota_Gateway::$testurl is deprecated in /var/www/html/wp-content/plugins/woocommerce-appota-pay/woocommerce-appota-pay.php on line 102
[17-Apr-2024 09:26:41 UTC] PHP Deprecated:  Creation of dynamic property WC_Appota_Gateway::$liveurl is deprecated in /var/www/html/wp-content/plugins/woocommerce-appota-pay/woocommerce-appota-pay.php on line 101
[17-Apr-2024 09:26:41 UTC] PHP Deprecated:  Creation of dynamic property WC_Appota_Gateway::$testurl is deprecated in /var/www/html/wp-content/plugins/woocommerce-appota-pay/woocommerce-appota-pay.php on line 102
[17-Apr-2024 09:26:41 UTC] PHP Deprecated:  Hook woocommerce_rest_api_option_permissions đã bị loại bỏ từ phiên bản 6.3.0! Không có giải pháp nào thay thế. in /var/www/html/wp-includes/functions.php on line 6031
[17-Apr-2024 09:26:41 UTC] PHP Deprecated:  Hook woocommerce_rest_api_option_permissions đã bị loại bỏ từ phiên bản 6.3.0! Không có giải pháp nào thay thế. in /var/www/html/wp-includes/functions.php on line 6031
[17-Apr-2024 09:26:42 UTC] PHP Deprecated:  Creation of dynamic property WC_Appota_Gateway::$liveurl is deprecated in /var/www/html/wp-content/plugins/woocommerce-appota-pay/woocommerce-appota-pay.php on line 101
[17-Apr-2024 09:26:42 UTC] PHP Deprecated:  Creation of dynamic property WC_Appota_Gateway::$testurl is deprecated in /var/www/html/wp-content/plugins/woocommerce-appota-pay/woocommerce-appota-pay.php on line 102
[17-Apr-2024 09:26:42 UTC] PHP Deprecated:  Creation of dynamic property WC_Appota_Gateway::$liveurl is deprecated in /var/www/html/wp-content/plugins/woocommerce-appota-pay/woocommerce-appota-pay.php on line 101
[17-Apr-2024 09:26:42 UTC] PHP Deprecated:  Creation of dynamic property WC_Appota_Gateway::$testurl is deprecated in /var/www/html/wp-content/plugins/woocommerce-appota-pay/woocommerce-appota-pay.php on line 102
[17-Apr-2024 09:26:42 UTC] PHP Deprecated:  Hook woocommerce_rest_api_option_permissions đã bị loại bỏ từ phiên bản 6.3.0! Không có giải pháp nào thay thế. in /var/www/html/wp-includes/functions.php on line 6031
[17-Apr-2024 09:26:46 UTC] missing_token Unable to send request to WooCommerce Shipping & Tax server. WordPress.com token is missing (fetch_service_schemas_from_connect_server)
[17-Apr-2024 09:26:54 UTC] PHP Deprecated:  Creation of dynamic property WC_Appota_Gateway::$liveurl is deprecated in /var/www/html/wp-content/plugins/woocommerce-appota-pay/woocommerce-appota-pay.php on line 101
[17-Apr-2024 09:26:54 UTC] PHP Deprecated:  Creation of dynamic property WC_Appota_Gateway::$testurl is deprecated in /var/www/html/wp-content/plugins/woocommerce-appota-pay/woocommerce-appota-pay.php on line 102
[17-Apr-2024 09:26:55 UTC] PHP Deprecated:  Creation of dynamic property WC_Appota_Gateway::$liveurl is deprecated in /var/www/html/wp-content/plugins/woocommerce-appota-pay/woocommerce-appota-pay.php on line 101
[17-Apr-2024 09:26:55 UTC] PHP Deprecated:  Creation of dynamic property WC_Appota_Gateway::$testurl is deprecated in /var/www/html/wp-content/plugins/woocommerce-appota-pay/woocommerce-appota-pay.php on line 102
[17-Apr-2024 09:26:55 UTC] PHP Deprecated:  Hook woocommerce_rest_api_option_permissions đã bị loại bỏ từ phiên bản 6.3.0! Không có giải pháp nào thay thế. in /var/www/html/wp-includes/functions.php on line 6031
[17-Apr-2024 09:27:12 UTC] missing_token Unable to send request to WooCommerce Shipping & Tax server. WordPress.com token is missing (fetch_service_schemas_from_connect_server)
[17-Apr-2024 09:27:18 UTC] PHP Deprecated:  Creation of dynamic property WC_Appota_Gateway::$liveurl is deprecated in /var/www/html/wp-content/plugins/woocommerce-appota-pay/woocommerce-appota-pay.php on line 101
[17-Apr-2024 09:27:18 UTC] PHP Deprecated:  Creation of dynamic property WC_Appota_Gateway::$testurl is deprecated in /var/www/html/wp-content/plugins/woocommerce-appota-pay/woocommerce-appota-pay.php on line 102
[17-Apr-2024 09:27:19 UTC] PHP Notice:  Function register_rest_route được gọi không chính xác. The REST API route definition for custom/v1/custom-posts is missing the required permission_callback argument. For REST API routes that are intended to be public, use __return_true as the permission callback. Vui lòng xem <a>Hướng dẫn Debug trong WordPress</a> để biết thêm thông tin. (Thông điệp này đã được thêm vào trong phiên bản 5.5.0.) in /var/www/html/wp-includes/functions.php on line 6031
[17-Apr-2024 09:27:19 UTC] PHP Deprecated:  Creation of dynamic property WC_Appota_Gateway::$liveurl is deprecated in /var/www/html/wp-content/plugins/woocommerce-appota-pay/woocommerce-appota-pay.php on line 101
[17-Apr-2024 09:27:19 UTC] PHP Deprecated:  Creation of dynamic property WC_Appota_Gateway::$testurl is deprecated in /var/www/html/wp-content/plugins/woocommerce-appota-pay/woocommerce-appota-pay.php on line 102
[17-Apr-2024 09:27:22 UTC] missing_token Unable to send request to WooCommerce Shipping & Tax server. WordPress.com token is missing (fetch_service_schemas_from_connect_server)
[17-Apr-2024 09:27:22 UTC] missing_token Unable to send request to WooCommerce Shipping & Tax server. WordPress.com token is missing (fetch_service_schemas_from_connect_server)
[17-Apr-2024 09:27:22 UTC] missing_token Unable to send request to WooCommerce Shipping & Tax server. WordPress.com token is missing (fetch_service_schemas_from_connect_server)
[17-Apr-2024 09:27:22 UTC] missing_token Unable to send request to WooCommerce Shipping & Tax server. WordPress.com token is missing (fetch_service_schemas_from_connect_server)
[17-Apr-2024 09:27:22 UTC] missing_token Unable to send request to WooCommerce Shipping & Tax server. WordPress.com token is missing (fetch_service_schemas_from_connect_server)
[17-Apr-2024 09:27:22 UTC] missing_token Unable to send request to WooCommerce Shipping & Tax server. WordPress.com token is missing (fetch_service_schemas_from_connect_server)
[17-Apr-2024 09:27:25 UTC] PHP Deprecated:  Creation of dynamic property WC_Appota_Gateway::$liveurl is deprecated in /var/www/html/wp-content/plugins/woocommerce-appota-pay/woocommerce-appota-pay.php on line 101
[17-Apr-2024 09:27:25 UTC] PHP Deprecated:  Creation of dynamic property WC_Appota_Gateway::$liveurl is deprecated in /var/www/html/wp-content/plugins/woocommerce-appota-pay/woocommerce-appota-pay.php on line 101
[17-Apr-2024 09:27:25 UTC] PHP Deprecated:  Creation of dynamic property WC_Appota_Gateway::$liveurl is deprecated in /var/www/html/wp-content/plugins/woocommerce-appota-pay/woocommerce-appota-pay.php on line 101
[17-Apr-2024 09:27:25 UTC] PHP Deprecated:  Creation of dynamic property WC_Appota_Gateway::$testurl is deprecated in /var/www/html/wp-content/plugins/woocommerce-appota-pay/woocommerce-appota-pay.php on line 102
[17-Apr-2024 09:27:25 UTC] PHP Deprecated:  Creation of dynamic property WC_Appota_Gateway::$testurl is deprecated in /var/www/html/wp-content/plugins/woocommerce-appota-pay/woocommerce-appota-pay.php on line 102
[17-Apr-2024 09:27:25 UTC] PHP Deprecated:  Creation of dynamic property WC_Appota_Gateway::$liveurl is deprecated in /var/www/html/wp-content/plugins/woocommerce-appota-pay/woocommerce-appota-pay.php on line 101
[17-Apr-2024 09:27:25 UTC] PHP Deprecated:  Creation of dynamic property WC_Appota_Gateway::$testurl is deprecated in /var/www/html/wp-content/plugins/woocommerce-appota-pay/woocommerce-appota-pay.php on line 102
[17-Apr-2024 09:27:25 UTC] PHP Deprecated:  Creation of dynamic property WC_Appota_Gateway::$testurl is deprecated in /var/www/html/wp-content/plugins/woocommerce-appota-pay/woocommerce-appota-pay.php on line 102
[17-Apr-2024 09:27:25 UTC] PHP Deprecated:  Creation of dynamic property WC_Appota_Gateway::$liveurl is deprecated in /var/www/html/wp-content/plugins/woocommerce-appota-pay/woocommerce-appota-pay.php on line 101
[17-Apr-2024 09:27:25 UTC] PHP Deprecated:  Creation of dynamic property WC_Appota_Gateway::$testurl is deprecated in /var/www/html/wp-content/plugins/woocommerce-appota-pay/woocommerce-appota-pay.php on line 102
[17-Apr-2024 09:27:25 UTC] PHP Deprecated:  Creation of dynamic property WC_Appota_Gateway::$liveurl is deprecated in /var/www/html/wp-content/plugins/woocommerce-appota-pay/woocommerce-appota-pay.php on line 101
[17-Apr-2024 09:27:25 UTC] PHP Deprecated:  Creation of dynamic property WC_Appota_Gateway::$liveurl is deprecated in /var/www/html/wp-content/plugins/woocommerce-appota-pay/woocommerce-appota-pay.php on line 101
[17-Apr-2024 09:27:25 UTC] PHP Deprecated:  Creation of dynamic property WC_Appota_Gateway::$liveurl is deprecated in /var/www/html/wp-content/plugins/woocommerce-appota-pay/woocommerce-appota-pay.php on line 101
[17-Apr-2024 09:27:25 UTC] PHP Deprecated:  Creation of dynamic property WC_Appota_Gateway::$liveurl is deprecated in /var/www/html/wp-content/plugins/woocommerce-appota-pay/woocommerce-appota-pay.php on line 101
[17-Apr-2024 09:27:25 UTC] PHP Deprecated:  Creation of dynamic property WC_Appota_Gateway::$testurl is deprecated in /var/www/html/wp-content/plugins/woocommerce-appota-pay/woocommerce-appota-pay.php on line 102
[17-Apr-2024 09:27:25 UTC] PHP Deprecated:  Creation of dynamic property WC_Appota_Gateway::$testurl is deprecated in /var/www/html/wp-content/plugins/woocommerce-appota-pay/woocommerce-appota-pay.php on line 102
[17-Apr-2024 09:27:25 UTC] PHP Deprecated:  Creation of dynamic property WC_Appota_Gateway::$testurl is deprecated in /var/www/html/wp-content/plugins/woocommerce-appota-pay/woocommerce-appota-pay.php on line 102
[17-Apr-2024 09:27:25 UTC] PHP Deprecated:  Creation of dynamic property WC_Appota_Gateway::$testurl is deprecated in /var/www/html/wp-content/plugins/woocommerce-appota-pay/woocommerce-appota-pay.php on line 102
[17-Apr-2024 09:27:25 UTC] PHP Deprecated:  Creation of dynamic property WC_Appota_Gateway::$liveurl is deprecated in /var/www/html/wp-content/plugins/woocommerce-appota-pay/woocommerce-appota-pay.php on line 101
[17-Apr-2024 09:27:25 UTC] PHP Deprecated:  Creation of dynamic property WC_Appota_Gateway::$testurl is deprecated in /var/www/html/wp-content/plugins/woocommerce-appota-pay/woocommerce-appota-pay.php on line 102
[17-Apr-2024 09:27:26 UTC] PHP Deprecated:  Creation of dynamic property WC_Appota_Gateway::$liveurl is deprecated in /var/www/html/wp-content/plugins/woocommerce-appota-pay/woocommerce-appota-pay.php on line 101
[17-Apr-2024 09:27:26 UTC] PHP Deprecated:  Creation of dynamic property WC_Appota_Gateway::$testurl is deprecated in /var/www/html/wp-content/plugins/woocommerce-appota-pay/woocommerce-appota-pay.php on line 102
[17-Apr-2024 09:27:26 UTC] PHP Deprecated:  Hook woocommerce_rest_api_option_permissions đã bị loại bỏ từ phiên bản 6.3.0! Không có giải pháp nào thay thế. in /var/www/html/wp-includes/functions.php on line 6031
[17-Apr-2024 09:27:26 UTC] PHP Deprecated:  Hook woocommerce_rest_api_option_permissions đã bị loại bỏ từ phiên bản 6.3.0! Không có giải pháp nào thay thế. in /var/www/html/wp-includes/functions.php on line 6031
[17-Apr-2024 09:27:26 UTC] PHP Deprecated:  Hook woocommerce_rest_api_option_permissions đã bị loại bỏ từ phiên bản 6.3.0! Không có giải pháp nào thay thế. in /var/www/html/wp-includes/functions.php on line 6031
[17-Apr-2024 09:27:26 UTC] PHP Deprecated:  Creation of dynamic property WC_Appota_Gateway::$liveurl is deprecated in /var/www/html/wp-content/plugins/woocommerce-appota-pay/woocommerce-appota-pay.php on line 101
[17-Apr-2024 09:27:26 UTC] PHP Deprecated:  Creation of dynamic property WC_Appota_Gateway::$testurl is deprecated in /var/www/html/wp-content/plugins/woocommerce-appota-pay/woocommerce-appota-pay.php on line 102
[17-Apr-2024 09:27:32 UTC] missing_token Unable to send request to WooCommerce Shipping & Tax server. WordPress.com token is missing (fetch_service_schemas_from_connect_server)
[17-Apr-2024 09:27:38 UTC] PHP Deprecated:  Creation of dynamic property WC_Appota_Gateway::$liveurl is deprecated in /var/www/html/wp-content/plugins/woocommerce-appota-pay/woocommerce-appota-pay.php on line 101
[17-Apr-2024 09:27:38 UTC] PHP Deprecated:  Creation of dynamic property WC_Appota_Gateway::$testurl is deprecated in /var/www/html/wp-content/plugins/woocommerce-appota-pay/woocommerce-appota-pay.php on line 102
[17-Apr-2024 09:27:39 UTC] PHP Deprecated:  Creation of dynamic property WC_Appota_Gateway::$liveurl is deprecated in /var/www/html/wp-content/plugins/woocommerce-appota-pay/woocommerce-appota-pay.php on line 101
[17-Apr-2024 09:27:39 UTC] PHP Deprecated:  Creation of dynamic property WC_Appota_Gateway::$testurl is deprecated in /var/www/html/wp-content/plugins/woocommerce-appota-pay/woocommerce-appota-pay.php on line 102
[17-Apr-2024 09:27:40 UTC] PHP Deprecated:  Hook woocommerce_rest_api_option_permissions đã bị loại bỏ từ phiên bản 6.3.0! Không có giải pháp nào thay thế. in /var/www/html/wp-includes/functions.php on line 6031
[17-Apr-2024 09:28:29 UTC] missing_token Unable to send request to WooCommerce Shipping & Tax server. WordPress.com token is missing (fetch_service_schemas_from_connect_server)
[17-Apr-2024 09:29:25 UTC] missing_token Unable to send request to WooCommerce Shipping & Tax server. WordPress.com token is missing (fetch_service_schemas_from_connect_server)
[17-Apr-2024 09:29:34 UTC] PHP Deprecated:  Creation of dynamic property WC_Appota_Gateway::$liveurl is deprecated in /var/www/html/wp-content/plugins/woocommerce-appota-pay/woocommerce-appota-pay.php on line 101
[17-Apr-2024 09:29:34 UTC] PHP Deprecated:  Creation of dynamic property WC_Appota_Gateway::$testurl is deprecated in /var/www/html/wp-content/plugins/woocommerce-appota-pay/woocommerce-appota-pay.php on line 102
[17-Apr-2024 09:29:35 UTC] PHP Deprecated:  Creation of dynamic property WC_Appota_Gateway::$liveurl is deprecated in /var/www/html/wp-content/plugins/woocommerce-appota-pay/woocommerce-appota-pay.php on line 101
[17-Apr-2024 09:29:35 UTC] PHP Deprecated:  Creation of dynamic property WC_Appota_Gateway::$testurl is deprecated in /var/www/html/wp-content/plugins/woocommerce-appota-pay/woocommerce-appota-pay.php on line 102
[17-Apr-2024 09:30:05 UTC] missing_token Unable to send request to WooCommerce Shipping & Tax server. WordPress.com token is missing (fetch_service_schemas_from_connect_server)
[17-Apr-2024 09:30:14 UTC] PHP Deprecated:  Creation of dynamic property WC_Appota_Gateway::$liveurl is deprecated in /var/www/html/wp-content/plugins/woocommerce-appota-pay/woocommerce-appota-pay.php on line 101
[17-Apr-2024 09:30:14 UTC] PHP Deprecated:  Creation of dynamic property WC_Appota_Gateway::$testurl is deprecated in /var/www/html/wp-content/plugins/woocommerce-appota-pay/woocommerce-appota-pay.php on line 102
[17-Apr-2024 09:30:15 UTC] PHP Deprecated:  Creation of dynamic property WC_Appota_Gateway::$liveurl is deprecated in /var/www/html/wp-content/plugins/woocommerce-appota-pay/woocommerce-appota-pay.php on line 101
[17-Apr-2024 09:30:15 UTC] PHP Deprecated:  Creation of dynamic property WC_Appota_Gateway::$testurl is deprecated in /var/www/html/wp-content/plugins/woocommerce-appota-pay/woocommerce-appota-pay.php on line 102
[17-Apr-2024 09:30:32 UTC] missing_token Unable to send request to WooCommerce Shipping & Tax server. WordPress.com token is missing (fetch_service_schemas_from_connect_server)
[17-Apr-2024 09:32:04 UTC] missing_token Unable to send request to WooCommerce Shipping & Tax server. WordPress.com token is missing (fetch_service_schemas_from_connect_server)
[17-Apr-2024 09:32:13 UTC] PHP Deprecated:  Creation of dynamic property WC_Appota_Gateway::$liveurl is deprecated in /var/www/html/wp-content/plugins/woocommerce-appota-pay/woocommerce-appota-pay.php on line 101
[17-Apr-2024 09:32:13 UTC] PHP Deprecated:  Creation of dynamic property WC_Appota_Gateway::$testurl is deprecated in /var/www/html/wp-content/plugins/woocommerce-appota-pay/woocommerce-appota-pay.php on line 102
[17-Apr-2024 09:32:14 UTC] PHP Deprecated:  Creation of dynamic property WC_Appota_Gateway::$liveurl is deprecated in /var/www/html/wp-content/plugins/woocommerce-appota-pay/woocommerce-appota-pay.php on line 101
[17-Apr-2024 09:32:14 UTC] PHP Deprecated:  Creation of dynamic property WC_Appota_Gateway::$testurl is deprecated in /var/www/html/wp-content/plugins/woocommerce-appota-pay/woocommerce-appota-pay.php on line 102
[17-Apr-2024 09:32:31 UTC] missing_token Unable to send request to WooCommerce Shipping & Tax server. WordPress.com token is missing (fetch_service_schemas_from_connect_server)
[17-Apr-2024 09:32:34 UTC] missing_token Unable to send request to WooCommerce Shipping & Tax server. WordPress.com token is missing (fetch_service_schemas_from_connect_server)
[17-Apr-2024 09:32:43 UTC] PHP Deprecated:  Creation of dynamic property WC_Appota_Gateway::$liveurl is deprecated in /var/www/html/wp-content/plugins/woocommerce-appota-pay/woocommerce-appota-pay.php on line 101
[17-Apr-2024 09:32:43 UTC] PHP Deprecated:  Creation of dynamic property WC_Appota_Gateway::$testurl is deprecated in /var/www/html/wp-content/plugins/woocommerce-appota-pay/woocommerce-appota-pay.php on line 102
[17-Apr-2024 09:32:44 UTC] PHP Deprecated:  Creation of dynamic property WC_Appota_Gateway::$liveurl is deprecated in /var/www/html/wp-content/plugins/woocommerce-appota-pay/woocommerce-appota-pay.php on line 101
[17-Apr-2024 09:32:44 UTC] PHP Deprecated:  Creation of dynamic property WC_Appota_Gateway::$testurl is deprecated in /var/www/html/wp-content/plugins/woocommerce-appota-pay/woocommerce-appota-pay.php on line 102
[17-Apr-2024 09:33:33 UTC] missing_token Unable to send request to WooCommerce Shipping & Tax server. WordPress.com token is missing (fetch_service_schemas_from_connect_server)
[17-Apr-2024 09:33:43 UTC] PHP Deprecated:  Creation of dynamic property WC_Appota_Gateway::$liveurl is deprecated in /var/www/html/wp-content/plugins/woocommerce-appota-pay/woocommerce-appota-pay.php on line 101
[17-Apr-2024 09:33:43 UTC] PHP Deprecated:  Creation of dynamic property WC_Appota_Gateway::$testurl is deprecated in /var/www/html/wp-content/plugins/woocommerce-appota-pay/woocommerce-appota-pay.php on line 102
[17-Apr-2024 09:33:44 UTC] PHP Deprecated:  Creation of dynamic property WC_Appota_Gateway::$liveurl is deprecated in /var/www/html/wp-content/plugins/woocommerce-appota-pay/woocommerce-appota-pay.php on line 101
[17-Apr-2024 09:33:44 UTC] PHP Deprecated:  Creation of dynamic property WC_Appota_Gateway::$testurl is deprecated in /var/www/html/wp-content/plugins/woocommerce-appota-pay/woocommerce-appota-pay.php on line 102
[17-Apr-2024 09:34:33 UTC] missing_token Unable to send request to WooCommerce Shipping & Tax server. WordPress.com token is missing (fetch_service_schemas_from_connect_server)
[17-Apr-2024 09:36:33 UTC] missing_token Unable to send request to WooCommerce Shipping & Tax server. WordPress.com token is missing (fetch_service_schemas_from_connect_server)
[17-Apr-2024 09:38:34 UTC] missing_token Unable to send request to WooCommerce Shipping & Tax server. WordPress.com token is missing (fetch_service_schemas_from_connect_server)
[17-Apr-2024 09:40:35 UTC] missing_token Unable to send request to WooCommerce Shipping & Tax server. WordPress.com token is missing (fetch_service_schemas_from_connect_server)
[17-Apr-2024 09:41:35 UTC] missing_token Unable to send request to WooCommerce Shipping & Tax server. WordPress.com token is missing (fetch_service_schemas_from_connect_server)
[17-Apr-2024 09:43:37 UTC] missing_token Unable to send request to WooCommerce Shipping & Tax server. WordPress.com token is missing (fetch_service_schemas_from_connect_server)
[17-Apr-2024 09:44:51 UTC] missing_token Unable to send request to WooCommerce Shipping & Tax server. WordPress.com token is missing (fetch_service_schemas_from_connect_server)
[17-Apr-2024 09:46:28 UTC] missing_token Unable to send request to WooCommerce Shipping & Tax server. WordPress.com token is missing (fetch_service_schemas_from_connect_server)
[17-Apr-2024 09:46:36 UTC] PHP Deprecated:  Creation of dynamic property WC_Appota_Gateway::$liveurl is deprecated in /var/www/html/wp-content/plugins/woocommerce-appota-pay/woocommerce-appota-pay.php on line 101
[17-Apr-2024 09:46:36 UTC] PHP Deprecated:  Creation of dynamic property WC_Appota_Gateway::$testurl is deprecated in /var/www/html/wp-content/plugins/woocommerce-appota-pay/woocommerce-appota-pay.php on line 102
[17-Apr-2024 09:46:37 UTC] PHP Deprecated:  Creation of dynamic property WC_Appota_Gateway::$liveurl is deprecated in /var/www/html/wp-content/plugins/woocommerce-appota-pay/woocommerce-appota-pay.php on line 101
[17-Apr-2024 09:46:37 UTC] PHP Deprecated:  Creation of dynamic property WC_Appota_Gateway::$testurl is deprecated in /var/www/html/wp-content/plugins/woocommerce-appota-pay/woocommerce-appota-pay.php on line 102
[17-Apr-2024 09:46:54 UTC] missing_token Unable to send request to WooCommerce Shipping & Tax server. WordPress.com token is missing (fetch_service_schemas_from_connect_server)
[17-Apr-2024 09:47:47 UTC] missing_token Unable to send request to WooCommerce Shipping & Tax server. WordPress.com token is missing (fetch_service_schemas_from_connect_server)
[17-Apr-2024 09:47:56 UTC] PHP Deprecated:  Creation of dynamic property WC_Appota_Gateway::$liveurl is deprecated in /var/www/html/wp-content/plugins/woocommerce-appota-pay/woocommerce-appota-pay.php on line 101
[17-Apr-2024 09:47:56 UTC] PHP Deprecated:  Creation of dynamic property WC_Appota_Gateway::$testurl is deprecated in /var/www/html/wp-content/plugins/woocommerce-appota-pay/woocommerce-appota-pay.php on line 102
[17-Apr-2024 09:47:58 UTC] PHP Deprecated:  Creation of dynamic property WC_Appota_Gateway::$liveurl is deprecated in /var/www/html/wp-content/plugins/woocommerce-appota-pay/woocommerce-appota-pay.php on line 101
[17-Apr-2024 09:47:58 UTC] PHP Deprecated:  Creation of dynamic property WC_Appota_Gateway::$testurl is deprecated in /var/www/html/wp-content/plugins/woocommerce-appota-pay/woocommerce-appota-pay.php on line 102
[17-Apr-2024 09:47:58 UTC] []
[17-Apr-2024 09:49:03 UTC] missing_token Unable to send request to WooCommerce Shipping & Tax server. WordPress.com token is missing (fetch_service_schemas_from_connect_server)
[17-Apr-2024 09:50:55 UTC] missing_token Unable to send request to WooCommerce Shipping & Tax server. WordPress.com token is missing (fetch_service_schemas_from_connect_server)
[17-Apr-2024 09:52:56 UTC] missing_token Unable to send request to WooCommerce Shipping & Tax server. WordPress.com token is missing (fetch_service_schemas_from_connect_server)
[17-Apr-2024 09:54:57 UTC] missing_token Unable to send request to WooCommerce Shipping & Tax server. WordPress.com token is missing (fetch_service_schemas_from_connect_server)
[17-Apr-2024 10:06:31 UTC] missing_token Unable to send request to WooCommerce Shipping & Tax server. WordPress.com token is missing (fetch_service_schemas_from_connect_server)
[17-Apr-2024 10:07:32 UTC] missing_token Unable to send request to WooCommerce Shipping & Tax server. WordPress.com token is missing (fetch_service_schemas_from_connect_server)
[17-Apr-2024 10:08:36 UTC] missing_token Unable to send request to WooCommerce Shipping & Tax server. WordPress.com token is missing (fetch_service_schemas_from_connect_server)
[17-Apr-2024 10:08:38 UTC] missing_token Unable to send request to WooCommerce Shipping & Tax server. WordPress.com token is missing (fetch_service_schemas_from_connect_server)
[17-Apr-2024 10:08:45 UTC] PHP Deprecated:  Creation of dynamic property WC_Appota_Gateway::$liveurl is deprecated in /var/www/html/wp-content/plugins/woocommerce-appota-pay/woocommerce-appota-pay.php on line 101
[17-Apr-2024 10:08:45 UTC] PHP Deprecated:  Creation of dynamic property WC_Appota_Gateway::$testurl is deprecated in /var/www/html/wp-content/plugins/woocommerce-appota-pay/woocommerce-appota-pay.php on line 102
[17-Apr-2024 10:08:53 UTC] missing_token Unable to send request to WooCommerce Shipping & Tax server. WordPress.com token is missing (fetch_service_schemas_from_connect_server)
[17-Apr-2024 10:08:59 UTC] missing_token Unable to send request to WooCommerce Shipping & Tax server. WordPress.com token is missing (fetch_service_schemas_from_connect_server)
[17-Apr-2024 10:09:06 UTC] PHP Deprecated:  Creation of dynamic property WC_Appota_Gateway::$liveurl is deprecated in /var/www/html/wp-content/plugins/woocommerce-appota-pay/woocommerce-appota-pay.php on line 101
[17-Apr-2024 10:09:06 UTC] PHP Deprecated:  Creation of dynamic property WC_Appota_Gateway::$testurl is deprecated in /var/www/html/wp-content/plugins/woocommerce-appota-pay/woocommerce-appota-pay.php on line 102
[17-Apr-2024 10:09:07 UTC] missing_token Unable to send request to WooCommerce Shipping & Tax server. WordPress.com token is missing (fetch_service_schemas_from_connect_server)
[17-Apr-2024 10:09:32 UTC] missing_token Unable to send request to WooCommerce Shipping & Tax server. WordPress.com token is missing (fetch_service_schemas_from_connect_server)
[17-Apr-2024 10:09:48 UTC] missing_token Unable to send request to WooCommerce Shipping & Tax server. WordPress.com token is missing (fetch_service_schemas_from_connect_server)
[17-Apr-2024 10:10:03 UTC] missing_token Unable to send request to WooCommerce Shipping & Tax server. WordPress.com token is missing (fetch_service_schemas_from_connect_server)
[17-Apr-2024 10:11:09 UTC] missing_token Unable to send request to WooCommerce Shipping & Tax server. WordPress.com token is missing (fetch_service_schemas_from_connect_server)
[17-Apr-2024 10:11:17 UTC] PHP Deprecated:  Creation of dynamic property WC_Appota_Gateway::$liveurl is deprecated in /var/www/html/wp-content/plugins/woocommerce-appota-pay/woocommerce-appota-pay.php on line 101
[17-Apr-2024 10:11:17 UTC] PHP Deprecated:  Creation of dynamic property WC_Appota_Gateway::$testurl is deprecated in /var/www/html/wp-content/plugins/woocommerce-appota-pay/woocommerce-appota-pay.php on line 102
[17-Apr-2024 10:11:18 UTC] PHP Deprecated:  Creation of dynamic property WC_Appota_Gateway::$liveurl is deprecated in /var/www/html/wp-content/plugins/woocommerce-appota-pay/woocommerce-appota-pay.php on line 101
[17-Apr-2024 10:11:18 UTC] PHP Deprecated:  Creation of dynamic property WC_Appota_Gateway::$testurl is deprecated in /var/www/html/wp-content/plugins/woocommerce-appota-pay/woocommerce-appota-pay.php on line 102
[17-Apr-2024 10:11:19 UTC] []
[17-Apr-2024 10:12:07 UTC] missing_token Unable to send request to WooCommerce Shipping & Tax server. WordPress.com token is missing (fetch_service_schemas_from_connect_server)
[17-Apr-2024 10:14:08 UTC] missing_token Unable to send request to WooCommerce Shipping & Tax server. WordPress.com token is missing (fetch_service_schemas_from_connect_server)
[17-Apr-2024 10:16:08 UTC] missing_token Unable to send request to WooCommerce Shipping & Tax server. WordPress.com token is missing (fetch_service_schemas_from_connect_server)
[17-Apr-2024 10:18:10 UTC] missing_token Unable to send request to WooCommerce Shipping & Tax server. WordPress.com token is missing (fetch_service_schemas_from_connect_server)
[17-Apr-2024 10:20:11 UTC] missing_token Unable to send request to WooCommerce Shipping & Tax server. WordPress.com token is missing (fetch_service_schemas_from_connect_server)
[17-Apr-2024 10:21:10 UTC] missing_token Unable to send request to WooCommerce Shipping & Tax server. WordPress.com token is missing (fetch_service_schemas_from_connect_server)
[17-Apr-2024 10:21:19 UTC] PHP Deprecated:  Creation of dynamic property WC_Appota_Gateway::$liveurl is deprecated in /var/www/html/wp-content/plugins/woocommerce-appota-pay/woocommerce-appota-pay.php on line 101
[17-Apr-2024 10:21:19 UTC] PHP Deprecated:  Creation of dynamic property WC_Appota_Gateway::$testurl is deprecated in /var/www/html/wp-content/plugins/woocommerce-appota-pay/woocommerce-appota-pay.php on line 102
[17-Apr-2024 10:21:20 UTC] PHP Deprecated:  Creation of dynamic property WC_Appota_Gateway::$liveurl is deprecated in /var/www/html/wp-content/plugins/woocommerce-appota-pay/woocommerce-appota-pay.php on line 101
[17-Apr-2024 10:21:20 UTC] PHP Deprecated:  Creation of dynamic property WC_Appota_Gateway::$testurl is deprecated in /var/www/html/wp-content/plugins/woocommerce-appota-pay/woocommerce-appota-pay.php on line 102
[17-Apr-2024 10:21:42 UTC] missing_token Unable to send request to WooCommerce Shipping & Tax server. WordPress.com token is missing (fetch_service_schemas_from_connect_server)
[17-Apr-2024 10:21:51 UTC] PHP Deprecated:  Creation of dynamic property WC_Appota_Gateway::$liveurl is deprecated in /var/www/html/wp-content/plugins/woocommerce-appota-pay/woocommerce-appota-pay.php on line 101
[17-Apr-2024 10:21:51 UTC] PHP Deprecated:  Creation of dynamic property WC_Appota_Gateway::$testurl is deprecated in /var/www/html/wp-content/plugins/woocommerce-appota-pay/woocommerce-appota-pay.php on line 102
[17-Apr-2024 10:21:52 UTC] PHP Deprecated:  Creation of dynamic property WC_Appota_Gateway::$liveurl is deprecated in /var/www/html/wp-content/plugins/woocommerce-appota-pay/woocommerce-appota-pay.php on line 101
[17-Apr-2024 10:21:52 UTC] PHP Deprecated:  Creation of dynamic property WC_Appota_Gateway::$testurl is deprecated in /var/www/html/wp-content/plugins/woocommerce-appota-pay/woocommerce-appota-pay.php on line 102
[17-Apr-2024 10:22:39 UTC] missing_token Unable to send request to WooCommerce Shipping & Tax server. WordPress.com token is missing (fetch_service_schemas_from_connect_server)
[17-Apr-2024 10:22:49 UTC] PHP Deprecated:  Creation of dynamic property WC_Appota_Gateway::$liveurl is deprecated in /var/www/html/wp-content/plugins/woocommerce-appota-pay/woocommerce-appota-pay.php on line 101
[17-Apr-2024 10:22:49 UTC] PHP Deprecated:  Creation of dynamic property WC_Appota_Gateway::$testurl is deprecated in /var/www/html/wp-content/plugins/woocommerce-appota-pay/woocommerce-appota-pay.php on line 102
[17-Apr-2024 10:22:50 UTC] PHP Deprecated:  Creation of dynamic property WC_Appota_Gateway::$liveurl is deprecated in /var/www/html/wp-content/plugins/woocommerce-appota-pay/woocommerce-appota-pay.php on line 101
[17-Apr-2024 10:22:50 UTC] PHP Deprecated:  Creation of dynamic property WC_Appota_Gateway::$testurl is deprecated in /var/www/html/wp-content/plugins/woocommerce-appota-pay/woocommerce-appota-pay.php on line 102
[17-Apr-2024 10:23:54 UTC] missing_token Unable to send request to WooCommerce Shipping & Tax server. WordPress.com token is missing (fetch_service_schemas_from_connect_server)
[17-Apr-2024 10:23:57 UTC] missing_token Unable to send request to WooCommerce Shipping & Tax server. WordPress.com token is missing (fetch_service_schemas_from_connect_server)
[17-Apr-2024 10:24:05 UTC] PHP Deprecated:  Creation of dynamic property WC_Appota_Gateway::$liveurl is deprecated in /var/www/html/wp-content/plugins/woocommerce-appota-pay/woocommerce-appota-pay.php on line 101
[17-Apr-2024 10:24:05 UTC] PHP Deprecated:  Creation of dynamic property WC_Appota_Gateway::$testurl is deprecated in /var/www/html/wp-content/plugins/woocommerce-appota-pay/woocommerce-appota-pay.php on line 102
[17-Apr-2024 10:24:10 UTC] missing_token Unable to send request to WooCommerce Shipping & Tax server. WordPress.com token is missing (fetch_service_schemas_from_connect_server)
[17-Apr-2024 10:24:10 UTC] missing_token Unable to send request to WooCommerce Shipping & Tax server. WordPress.com token is missing (fetch_service_schemas_from_connect_server)
[17-Apr-2024 10:26:17 UTC] missing_token Unable to send request to WooCommerce Shipping & Tax server. WordPress.com token is missing (fetch_service_schemas_from_connect_server)
[17-Apr-2024 10:28:06 UTC] missing_token Unable to send request to WooCommerce Shipping & Tax server. WordPress.com token is missing (fetch_service_schemas_from_connect_server)
[17-Apr-2024 10:28:14 UTC] PHP Deprecated:  Creation of dynamic property WC_Appota_Gateway::$liveurl is deprecated in /var/www/html/wp-content/plugins/woocommerce-appota-pay/woocommerce-appota-pay.php on line 101
[17-Apr-2024 10:28:14 UTC] PHP Deprecated:  Creation of dynamic property WC_Appota_Gateway::$testurl is deprecated in /var/www/html/wp-content/plugins/woocommerce-appota-pay/woocommerce-appota-pay.php on line 102
[17-Apr-2024 10:28:15 UTC] PHP Deprecated:  Creation of dynamic property WC_Appota_Gateway::$liveurl is deprecated in /var/www/html/wp-content/plugins/woocommerce-appota-pay/woocommerce-appota-pay.php on line 101
[17-Apr-2024 10:28:15 UTC] PHP Deprecated:  Creation of dynamic property WC_Appota_Gateway::$testurl is deprecated in /var/www/html/wp-content/plugins/woocommerce-appota-pay/woocommerce-appota-pay.php on line 102
[17-Apr-2024 10:28:16 UTC] missing_token Unable to send request to WooCommerce Shipping & Tax server. WordPress.com token is missing (fetch_service_schemas_from_connect_server)
[17-Apr-2024 10:28:30 UTC] missing_token Unable to send request to WooCommerce Shipping & Tax server. WordPress.com token is missing (fetch_service_schemas_from_connect_server)
[17-Apr-2024 10:28:30 UTC] missing_token Unable to send request to WooCommerce Shipping & Tax server. WordPress.com token is missing (fetch_service_schemas_from_connect_server)
[17-Apr-2024 10:28:33 UTC] PHP Deprecated:  Creation of dynamic property WC_Appota_Gateway::$liveurl is deprecated in /var/www/html/wp-content/plugins/woocommerce-appota-pay/woocommerce-appota-pay.php on line 101
[17-Apr-2024 10:28:33 UTC] PHP Deprecated:  Creation of dynamic property WC_Appota_Gateway::$testurl is deprecated in /var/www/html/wp-content/plugins/woocommerce-appota-pay/woocommerce-appota-pay.php on line 102
[17-Apr-2024 10:28:40 UTC] missing_token Unable to send request to WooCommerce Shipping & Tax server. WordPress.com token is missing (fetch_service_schemas_from_connect_server)
[17-Apr-2024 10:30:42 UTC] missing_token Unable to send request to WooCommerce Shipping & Tax server. WordPress.com token is missing (fetch_service_schemas_from_connect_server)
[17-Apr-2024 10:32:44 UTC] missing_token Unable to send request to WooCommerce Shipping & Tax server. WordPress.com token is missing (fetch_service_schemas_from_connect_server)
[19-Apr-2024 02:29:57 UTC] PHP Deprecated:  Optional parameter $cotent_type declared before required parameter $data is implicitly treated as a required parameter in /var/www/html/wp-content/plugins/woocommerce-appota-pay/woocommerce-appota-pay.php on line 904
[19-Apr-2024 02:29:57 UTC] PHP Deprecated:  Optional parameter $cotent_type declared before required parameter $data is implicitly treated as a required parameter in /var/www/html/wp-content/plugins/woocommerce-appota-pay/woocommerce-appota-pay.php on line 904
[19-Apr-2024 02:30:24 UTC] missing_token Unable to send request to WooCommerce Shipping & Tax server. WordPress.com token is missing (fetch_service_schemas_from_connect_server)
[19-Apr-2024 02:30:24 UTC] missing_token Unable to send request to WooCommerce Shipping & Tax server. WordPress.com token is missing (fetch_service_schemas_from_connect_server)
[19-Apr-2024 02:30:25 UTC] missing_token Unable to send request to WooCommerce Shipping & Tax server. WordPress.com token is missing (fetch_service_schemas_from_connect_server)
[19-Apr-2024 02:30:45 UTC] missing_token Unable to send request to WooCommerce Shipping & Tax server. WordPress.com token is missing (fetch_service_schemas_from_connect_server)
