2024-04-09T07:05:58+00:00 NOTICE handleOrderUpdate :: order_status
2024-04-09T07:05:58+00:00 NOTICE handleOrderUpdate :: order_status
2024-04-09T07:05:58+00:00 NOTICE handleOrderUpdate :: order_status
2024-04-09T07:08:57+00:00 NOTICE handleOrderUpdate :: order_status
2024-04-09T07:08:57+00:00 NOTICE handleOrderUpdate :: order_status
2024-04-09T07:08:57+00:00 NOTICE handleOrderUpdate :: order_status
2024-04-09T07:10:12+00:00 NOTICE handleOrderUpdate :: order_status
2024-04-09T07:10:12+00:00 NOTICE handleOrderUpdate :: order_status
2024-04-09T07:10:12+00:00 NOTICE handleOrderUpdate :: order_status
2024-04-09T07:11:05+00:00 NOTICE handleOrderUpdate :: order_status
2024-04-09T07:11:06+00:00 NOTICE handleOrderUpdate :: order_status
2024-04-09T07:11:06+00:00 NOTICE handleOrderUpdate :: order_status
2024-04-09T07:11:41+00:00 NOTICE handleOrderUpdate :: order_status
2024-04-09T07:11:41+00:00 NOTICE handleOrderUpdate :: order_status
2024-04-09T07:11:41+00:00 NOTICE handleOrderUpdate :: order_status
2024-04-09T07:12:17+00:00 NOTICE handleOrderUpdate :: order_status
2024-04-09T07:12:17+00:00 NOTICE handleOrderUpdate :: order_status
2024-04-09T07:12:17+00:00 NOTICE handleOrderUpdate :: order_status
2024-04-09T07:17:08+00:00 NOTICE profile :: user_update_subscribe_status :: Array
(
    [subscribed] => 1
    [user_id] => 1
    [gdpr_fields] => 
)
2024-04-09T07:17:48+00:00 NOTICE handleOrderUpdate :: order_status
2024-04-09T07:17:48+00:00 NOTICE handleOrderUpdate :: order_status
2024-04-09T07:17:48+00:00 NOTICE handleOrderUpdate :: order_status
2024-04-09T08:59:09+00:00 NOTICE handleOrderUpdate :: order_status
2024-04-09T08:59:09+00:00 NOTICE handleOrderUpdate :: order_status
2024-04-09T08:59:09+00:00 NOTICE handleOrderUpdate :: order_status
2024-04-09T09:04:00+00:00 NOTICE handleOrderUpdate :: order_status
2024-04-09T09:04:00+00:00 NOTICE handleOrderUpdate :: order_status
2024-04-09T09:04:00+00:00 NOTICE handleOrderUpdate :: order_status
2024-04-09T09:04:24+00:00 NOTICE handleOrderUpdate :: order_status
2024-04-09T09:04:24+00:00 NOTICE handleOrderUpdate :: order_status
2024-04-09T09:04:24+00:00 NOTICE handleOrderUpdate :: order_status
2024-04-09T09:05:43+00:00 NOTICE handleOrderUpdate :: order_status
2024-04-09T09:05:43+00:00 NOTICE handleOrderUpdate :: order_status
2024-04-09T09:05:43+00:00 NOTICE handleOrderUpdate :: order_status
2024-04-09T09:06:04+00:00 NOTICE handleOrderUpdate :: order_status
2024-04-09T09:06:04+00:00 NOTICE handleOrderUpdate :: order_status
2024-04-09T09:06:04+00:00 NOTICE handleOrderUpdate :: order_status
2024-04-09T09:06:23+00:00 NOTICE handleOrderUpdate :: order_status
2024-04-09T09:06:23+00:00 NOTICE handleOrderUpdate :: order_status
2024-04-09T09:06:23+00:00 NOTICE handleOrderUpdate :: order_status
2024-04-09T09:07:15+00:00 NOTICE handleOrderUpdate :: order_status
2024-04-09T09:07:15+00:00 NOTICE handleOrderUpdate :: order_status
2024-04-09T09:07:15+00:00 NOTICE handleOrderUpdate :: order_status
2024-04-09T09:08:01+00:00 NOTICE handleOrderUpdate :: order_status
2024-04-09T09:08:01+00:00 NOTICE handleOrderUpdate :: order_status
2024-04-09T09:08:01+00:00 NOTICE handleOrderUpdate :: order_status
2024-04-09T09:08:50+00:00 NOTICE handleOrderUpdate :: order_status
2024-04-09T09:08:50+00:00 NOTICE handleOrderUpdate :: order_status
2024-04-09T09:08:50+00:00 NOTICE handleOrderUpdate :: order_status
2024-04-09T09:09:32+00:00 NOTICE handleOrderUpdate :: order_status
2024-04-09T09:09:32+00:00 NOTICE handleOrderUpdate :: order_status
2024-04-09T09:09:32+00:00 NOTICE handleOrderUpdate :: order_status
2024-04-09T09:11:41+00:00 NOTICE handleOrderUpdate :: order_status
2024-04-09T09:11:41+00:00 NOTICE handleOrderUpdate :: order_status
2024-04-09T09:11:41+00:00 NOTICE handleOrderUpdate :: order_status
2024-04-09T09:12:26+00:00 NOTICE handleOrderUpdate :: order_status
2024-04-09T09:12:26+00:00 NOTICE handleOrderUpdate :: order_status
2024-04-09T09:12:26+00:00 NOTICE handleOrderUpdate :: order_status
2024-04-09T09:13:34+00:00 NOTICE handleOrderUpdate :: order_status
2024-04-09T09:13:34+00:00 NOTICE handleOrderUpdate :: order_status
2024-04-09T09:13:34+00:00 NOTICE handleOrderUpdate :: order_status
2024-04-09T09:14:15+00:00 NOTICE handleOrderUpdate :: order_status
2024-04-09T09:14:15+00:00 NOTICE handleOrderUpdate :: order_status
2024-04-09T09:14:15+00:00 NOTICE handleOrderUpdate :: order_status
2024-04-09T09:14:58+00:00 NOTICE handleOrderUpdate :: order_status
2024-04-09T09:14:58+00:00 NOTICE handleOrderUpdate :: order_status
2024-04-09T09:14:59+00:00 NOTICE handleOrderUpdate :: order_status
2024-04-09T09:15:47+00:00 NOTICE handleOrderUpdate :: order_status
2024-04-09T09:15:47+00:00 NOTICE handleOrderUpdate :: order_status
2024-04-09T09:15:47+00:00 NOTICE handleOrderUpdate :: order_status
2024-04-09T09:16:20+00:00 NOTICE handleOrderUpdate :: order_status
2024-04-09T09:16:20+00:00 NOTICE handleOrderUpdate :: order_status
2024-04-09T09:16:20+00:00 NOTICE handleOrderUpdate :: order_status
2024-04-09T09:16:58+00:00 NOTICE handleOrderUpdate :: order_status
2024-04-09T09:16:58+00:00 NOTICE handleOrderUpdate :: order_status
2024-04-09T09:16:58+00:00 NOTICE handleOrderUpdate :: order_status
2024-04-09T09:17:54+00:00 NOTICE handleOrderUpdate :: order_status
2024-04-09T09:17:54+00:00 NOTICE handleOrderUpdate :: order_status
2024-04-09T09:17:54+00:00 NOTICE handleOrderUpdate :: order_status
2024-04-09T09:19:24+00:00 NOTICE handleOrderUpdate :: order_status
2024-04-09T09:19:24+00:00 NOTICE handleOrderUpdate :: order_status
2024-04-09T09:19:24+00:00 NOTICE handleOrderUpdate :: order_status
2024-04-09T09:48:32+00:00 NOTICE handleOrderUpdate :: order_status
2024-04-09T09:48:32+00:00 NOTICE handleOrderUpdate :: order_status
2024-04-09T09:48:32+00:00 NOTICE handleOrderUpdate :: order_status
2024-04-09T09:50:17+00:00 NOTICE handleOrderUpdate :: order_status
2024-04-09T09:50:17+00:00 NOTICE handleOrderUpdate :: order_status
2024-04-09T09:50:17+00:00 NOTICE handleOrderUpdate :: order_status
2024-04-09T09:51:57+00:00 NOTICE handleOrderUpdate :: order_status
2024-04-09T09:51:57+00:00 NOTICE handleOrderUpdate :: order_status
2024-04-09T09:51:57+00:00 NOTICE handleOrderUpdate :: order_status
2024-04-09T09:54:13+00:00 NOTICE profile :: user_update_subscribe_status :: Array
(
    [subscribed] => 1
    [user_id] => 1
    [gdpr_fields] => 
)
2024-04-09T09:54:53+00:00 NOTICE handleOrderUpdate :: order_status
2024-04-09T09:54:53+00:00 NOTICE handleOrderUpdate :: order_status
2024-04-09T09:54:53+00:00 NOTICE handleOrderUpdate :: order_status
2024-04-09T09:57:27+00:00 NOTICE handleOrderUpdate :: order_status
2024-04-09T09:57:27+00:00 NOTICE handleOrderUpdate :: order_status
2024-04-09T09:57:27+00:00 NOTICE handleOrderUpdate :: order_status
2024-04-09T09:57:56+00:00 NOTICE handleOrderUpdate :: order_status
2024-04-09T09:57:56+00:00 NOTICE handleOrderUpdate :: order_status
2024-04-09T09:57:56+00:00 NOTICE handleOrderUpdate :: order_status
2024-04-09T10:01:01+00:00 NOTICE handleOrderUpdate :: order_status
2024-04-09T10:01:01+00:00 NOTICE handleOrderUpdate :: order_status
2024-04-09T10:01:01+00:00 NOTICE handleOrderUpdate :: order_status
2024-04-09T10:02:41+00:00 NOTICE handleOrderUpdate :: order_status
2024-04-09T10:02:41+00:00 NOTICE handleOrderUpdate :: order_status
2024-04-09T10:02:41+00:00 NOTICE handleOrderUpdate :: order_status
2024-04-09T10:03:08+00:00 NOTICE handleOrderUpdate :: order_status
2024-04-09T10:03:08+00:00 NOTICE handleOrderUpdate :: order_status
2024-04-09T10:03:08+00:00 NOTICE handleOrderUpdate :: order_status
