2024-04-03T01:37:17+00:00 NOTICE handleOrderUpdate :: order_status
2024-04-03T01:37:17+00:00 NOTICE handleOrderUpdate :: order_status
2024-04-03T01:37:17+00:00 NOTICE handleOrderUpdate :: order_status
2024-04-03T01:37:43+00:00 NOTICE handleOrderUpdate :: order_status
2024-04-03T01:37:43+00:00 NOTICE handleOrderUpdate :: order_status
2024-04-03T01:37:43+00:00 NOTICE handleOrderUpdate :: order_status
2024-04-03T01:41:05+00:00 NOTICE handleOrderUpdate :: order_status
2024-04-03T01:41:05+00:00 NOTICE handleOrderUpdate :: order_status
2024-04-03T01:41:05+00:00 NOTICE handleOrderUpdate :: order_status
2024-04-03T01:41:28+00:00 NOTICE handleOrderUpdate :: order_status
2024-04-03T01:41:28+00:00 NOTICE handleOrderUpdate :: order_status
2024-04-03T01:41:28+00:00 NOTICE handleOrderUpdate :: order_status
2024-04-03T01:43:36+00:00 NOTICE handleOrderUpdate :: order_status
2024-04-03T01:43:36+00:00 NOTICE handleOrderUpdate :: order_status
2024-04-03T01:43:36+00:00 NOTICE handleOrderUpdate :: order_status
2024-04-03T01:43:53+00:00 NOTICE handleOrderUpdate :: order_status
2024-04-03T01:43:53+00:00 NOTICE handleOrderUpdate :: order_status
2024-04-03T01:43:53+00:00 NOTICE handleOrderUpdate :: order_status
2024-04-03T01:48:39+00:00 NOTICE handleOrderUpdate :: order_status
2024-04-03T01:48:39+00:00 NOTICE handleOrderUpdate :: order_status
2024-04-03T01:48:39+00:00 NOTICE handleOrderUpdate :: order_status
2024-04-03T02:43:30+00:00 NOTICE handleOrderUpdate :: order_status
2024-04-03T02:43:30+00:00 NOTICE handleOrderUpdate :: order_status
2024-04-03T02:43:30+00:00 NOTICE handleOrderUpdate :: order_status
2024-04-03T02:44:27+00:00 NOTICE handleOrderUpdate :: order_status
2024-04-03T02:44:27+00:00 NOTICE handleOrderUpdate :: order_status
2024-04-03T02:44:27+00:00 NOTICE handleOrderUpdate :: order_status
2024-04-03T02:48:56+00:00 NOTICE handleOrderUpdate :: order_status
2024-04-03T02:52:26+00:00 NOTICE handleOrderUpdate :: order_status
2024-04-03T02:52:26+00:00 NOTICE handleOrderUpdate :: order_status
2024-04-03T02:52:26+00:00 NOTICE handleOrderUpdate :: order_status
2024-04-03T03:04:52+00:00 NOTICE handleOrderUpdate :: order_status
2024-04-03T03:04:52+00:00 NOTICE handleOrderUpdate :: order_status
2024-04-03T03:04:52+00:00 NOTICE handleOrderUpdate :: order_status
2024-04-03T03:14:44+00:00 NOTICE handleOrderUpdate :: order_status
2024-04-03T03:14:44+00:00 NOTICE handleOrderUpdate :: order_status
2024-04-03T03:14:44+00:00 NOTICE handleOrderUpdate :: order_status
2024-04-03T03:23:46+00:00 NOTICE handleOrderUpdate :: order_status
2024-04-03T03:23:46+00:00 NOTICE handleOrderUpdate :: order_status
2024-04-03T03:23:46+00:00 NOTICE handleOrderUpdate :: order_status
2024-04-03T03:26:50+00:00 NOTICE handleOrderUpdate :: order_status
2024-04-03T03:26:50+00:00 NOTICE handleOrderUpdate :: order_status
2024-04-03T03:26:50+00:00 NOTICE handleOrderUpdate :: order_status
2024-04-03T03:33:32+00:00 NOTICE handleOrderUpdate :: order_status
2024-04-03T03:33:32+00:00 NOTICE handleOrderUpdate :: order_status
2024-04-03T03:33:32+00:00 NOTICE handleOrderUpdate :: order_status
2024-04-03T03:34:45+00:00 NOTICE handleOrderUpdate :: order_status
2024-04-03T03:34:45+00:00 NOTICE handleOrderUpdate :: order_status
2024-04-03T03:34:45+00:00 NOTICE handleOrderUpdate :: order_status
2024-04-03T03:34:47+00:00 NOTICE handleOrderUpdate :: order_status
2024-04-03T03:34:47+00:00 NOTICE handleOrderUpdate :: order_status
2024-04-03T03:34:47+00:00 NOTICE handleOrderUpdate :: order_status
2024-04-03T03:38:50+00:00 NOTICE handleOrderUpdate :: order_status
2024-04-03T03:38:50+00:00 NOTICE handleOrderUpdate :: order_status
2024-04-03T03:38:50+00:00 NOTICE handleOrderUpdate :: order_status
2024-04-03T03:40:01+00:00 NOTICE handleOrderUpdate :: order_status
2024-04-03T03:40:01+00:00 NOTICE handleOrderUpdate :: order_status
2024-04-03T03:40:01+00:00 NOTICE handleOrderUpdate :: order_status
2024-04-03T03:57:24+00:00 NOTICE handleOrderUpdate :: order_status
2024-04-03T03:57:24+00:00 NOTICE handleOrderUpdate :: order_status
2024-04-03T03:57:24+00:00 NOTICE handleOrderUpdate :: order_status
2024-04-03T04:02:28+00:00 NOTICE handleOrderUpdate :: order_status
2024-04-03T04:02:28+00:00 NOTICE handleOrderUpdate :: order_status
2024-04-03T04:02:28+00:00 NOTICE handleOrderUpdate :: order_status
2024-04-03T04:11:55+00:00 NOTICE handleOrderUpdate :: order_status
2024-04-03T04:11:55+00:00 NOTICE handleOrderUpdate :: order_status
2024-04-03T04:11:55+00:00 NOTICE handleOrderUpdate :: order_status
2024-04-03T04:12:19+00:00 NOTICE handleOrderUpdate :: order_status
2024-04-03T04:12:19+00:00 NOTICE handleOrderUpdate :: order_status
2024-04-03T04:12:20+00:00 NOTICE handleOrderUpdate :: order_status
2024-04-03T04:14:42+00:00 NOTICE handleOrderUpdate :: order_status
2024-04-03T04:14:42+00:00 NOTICE handleOrderUpdate :: order_status
2024-04-03T04:14:42+00:00 NOTICE handleOrderUpdate :: order_status
2024-04-03T04:15:03+00:00 NOTICE handleOrderUpdate :: order_status
2024-04-03T04:15:03+00:00 NOTICE handleOrderUpdate :: order_status
2024-04-03T04:15:03+00:00 NOTICE handleOrderUpdate :: order_status
2024-04-03T04:17:17+00:00 NOTICE handleOrderUpdate :: order_status
2024-04-03T04:17:17+00:00 NOTICE handleOrderUpdate :: order_status
2024-04-03T04:17:17+00:00 NOTICE handleOrderUpdate :: order_status
2024-04-03T04:18:12+00:00 NOTICE handleOrderUpdate :: order_status
2024-04-03T04:18:12+00:00 NOTICE handleOrderUpdate :: order_status
2024-04-03T04:18:12+00:00 NOTICE handleOrderUpdate :: order_status
2024-04-03T04:23:29+00:00 NOTICE handleOrderUpdate :: order_status
2024-04-03T04:23:29+00:00 NOTICE handleOrderUpdate :: order_status
2024-04-03T04:23:29+00:00 NOTICE handleOrderUpdate :: order_status
2024-04-03T04:29:26+00:00 NOTICE profile :: user_update_subscribe_status :: Array
(
    [subscribed] => 1
    [user_id] => 1
    [gdpr_fields] => 
)
2024-04-03T04:43:10+00:00 NOTICE handleOrderUpdate :: order_status
2024-04-03T04:43:10+00:00 NOTICE handleOrderUpdate :: order_status
2024-04-03T04:43:10+00:00 NOTICE handleOrderUpdate :: order_status
2024-04-03T04:44:54+00:00 NOTICE profile :: user_update_subscribe_status :: Array
(
    [subscribed] => 1
    [user_id] => 1
    [gdpr_fields] => 
)
2024-04-03T04:47:31+00:00 NOTICE handleOrderUpdate :: order_status
2024-04-03T04:47:31+00:00 NOTICE handleOrderUpdate :: order_status
2024-04-03T04:47:31+00:00 NOTICE handleOrderUpdate :: order_status
2024-04-03T04:50:24+00:00 NOTICE profile :: user_update_subscribe_status :: Array
(
    [subscribed] => 1
    [user_id] => 1
    [gdpr_fields] => 
)
2024-04-03T06:37:05+00:00 NOTICE profile :: user_update_subscribe_status :: Array
(
    [subscribed] => 1
    [user_id] => 1
    [gdpr_fields] => 
)
2024-04-03T06:38:10+00:00 NOTICE profile :: user_update_subscribe_status :: Array
(
    [subscribed] => 1
    [user_id] => 1
    [gdpr_fields] => 
)
2024-04-03T07:04:46+00:00 NOTICE profile :: user_update_subscribe_status :: Array
(
    [subscribed] => 1
    [user_id] => 1
    [gdpr_fields] => 
)
2024-04-03T07:10:01+00:00 NOTICE profile :: user_update_subscribe_status :: Array
(
    [subscribed] => 1
    [user_id] => 1
    [gdpr_fields] => 
)
2024-04-03T07:10:55+00:00 NOTICE profile :: user_update_subscribe_status :: Array
(
    [subscribed] => 1
    [user_id] => 1
    [gdpr_fields] => 
)
2024-04-03T07:53:22+00:00 NOTICE handleOrderUpdate :: order_status
2024-04-03T07:53:22+00:00 NOTICE handleOrderUpdate :: order_status
2024-04-03T07:53:22+00:00 NOTICE handleOrderUpdate :: order_status
2024-04-03T08:25:19+00:00 NOTICE handleOrderUpdate :: order_status
2024-04-03T08:25:19+00:00 NOTICE handleOrderUpdate :: order_status
2024-04-03T08:25:20+00:00 NOTICE handleOrderUpdate :: order_status
2024-04-03T08:29:05+00:00 NOTICE handleOrderUpdate :: order_status
2024-04-03T08:29:05+00:00 NOTICE handleOrderUpdate :: order_status
2024-04-03T08:29:05+00:00 NOTICE handleOrderUpdate :: order_status
2024-04-03T10:27:02+00:00 NOTICE profile :: user_update_subscribe_status :: Array
(
    [subscribed] => 1
    [user_id] => 1
    [gdpr_fields] => 
)
2024-04-03T10:32:59+00:00 NOTICE profile :: user_update_subscribe_status :: Array
(
    [subscribed] => 1
    [user_id] => 1
    [gdpr_fields] => 
)
