2024-04-01T02:42:47+00:00 NOTICE webhooks :: Ran plugin updater
2024-04-01T03:06:41+00:00 NOTICE action_scheduler.queue_job :: MailChimp_WooCommerce_Single_Product starts in 5 seconds :: obj_id 12
2024-04-01T03:07:29+00:00 NOTICE handleOrderUpdate :: order_status
2024-04-01T03:07:29+00:00 NOTICE handleOrderUpdate :: order_status
2024-04-01T03:13:24+00:00 NOTICE handleOrderUpdate :: order_status
2024-04-01T03:13:24+00:00 NOTICE handleOrderUpdate :: order_status
2024-04-01T03:46:38+00:00 NOTICE action_scheduler.queue_job :: MailChimp_WooCommerce_Single_Product starts in 5 seconds :: obj_id 17
2024-04-01T04:17:51+00:00 NOTICE handleOrderUpdate :: order_status
2024-04-01T04:17:51+00:00 NOTICE handleOrderUpdate :: order_status
2024-04-01T04:24:37+00:00 NOTICE handleOrderUpdate :: order_status
2024-04-01T04:24:37+00:00 NOTICE handleOrderUpdate :: order_status
2024-04-01T04:30:29+00:00 NOTICE handleOrderUpdate :: order_status
2024-04-01T04:30:29+00:00 NOTICE handleOrderUpdate :: order_status
2024-04-01T04:36:29+00:00 NOTICE handleOrderUpdate :: order_status
2024-04-01T04:36:29+00:00 NOTICE handleOrderUpdate :: order_status
2024-04-01T04:41:55+00:00 NOTICE handleOrderUpdate :: order_status
2024-04-01T04:41:55+00:00 NOTICE handleOrderUpdate :: order_status
2024-04-01T04:49:38+00:00 NOTICE handleOrderUpdate :: order_status
2024-04-01T04:49:39+00:00 NOTICE handleOrderUpdate :: order_status
2024-04-01T09:51:15+00:00 NOTICE handleOrderUpdate :: order_status
2024-04-01T09:51:15+00:00 NOTICE handleOrderUpdate :: order_status
2024-04-01T09:51:32+00:00 NOTICE handleOrderUpdate :: order_status
2024-04-01T09:51:32+00:00 NOTICE handleOrderUpdate :: order_status
2024-04-01T09:51:49+00:00 NOTICE handleOrderUpdate :: order_status
2024-04-01T09:51:49+00:00 NOTICE handleOrderUpdate :: order_status
2024-04-01T09:51:59+00:00 NOTICE handleOrderUpdate :: order_status
2024-04-01T09:51:59+00:00 NOTICE handleOrderUpdate :: order_status
2024-04-01T09:52:11+00:00 NOTICE handleOrderUpdate :: order_status
2024-04-01T09:52:11+00:00 NOTICE handleOrderUpdate :: order_status
2024-04-01T09:52:25+00:00 NOTICE handleOrderUpdate :: order_status
2024-04-01T09:52:25+00:00 NOTICE handleOrderUpdate :: order_status
2024-04-01T09:52:35+00:00 NOTICE handleOrderUpdate :: order_status
2024-04-01T09:52:35+00:00 NOTICE handleOrderUpdate :: order_status
2024-04-01T09:53:34+00:00 NOTICE handleOrderUpdate :: order_status
2024-04-01T09:53:34+00:00 NOTICE handleOrderUpdate :: order_status
2024-04-01T09:53:41+00:00 NOTICE handleOrderUpdate :: order_status
2024-04-01T09:53:42+00:00 NOTICE handleOrderUpdate :: order_status
2024-04-01T09:54:17+00:00 NOTICE handleOrderUpdate :: order_status
2024-04-01T09:54:17+00:00 NOTICE handleOrderUpdate :: order_status
2024-04-01T09:54:25+00:00 NOTICE handleOrderUpdate :: order_status
2024-04-01T09:54:25+00:00 NOTICE handleOrderUpdate :: order_status
2024-04-01T10:13:02+00:00 NOTICE handleOrderUpdate :: order_status
2024-04-01T10:13:02+00:00 NOTICE handleOrderUpdate :: order_status
2024-04-01T10:13:14+00:00 NOTICE handleOrderUpdate :: order_status
2024-04-01T10:13:14+00:00 NOTICE handleOrderUpdate :: order_status
2024-04-01T10:14:41+00:00 NOTICE handleOrderUpdate :: order_status
2024-04-01T10:14:41+00:00 NOTICE handleOrderUpdate :: order_status
2024-04-01T10:14:48+00:00 NOTICE handleOrderUpdate :: order_status
2024-04-01T10:14:48+00:00 NOTICE handleOrderUpdate :: order_status
2024-04-01T10:16:53+00:00 NOTICE handleOrderUpdate :: order_status
2024-04-01T10:16:54+00:00 NOTICE handleOrderUpdate :: order_status
2024-04-01T10:17:36+00:00 NOTICE handleOrderUpdate :: order_status
2024-04-01T10:17:36+00:00 NOTICE handleOrderUpdate :: order_status
2024-04-01T10:23:24+00:00 NOTICE handleOrderUpdate :: order_status
2024-04-01T10:23:24+00:00 NOTICE handleOrderUpdate :: order_status
2024-04-01T10:24:42+00:00 NOTICE handleOrderUpdate :: order_status
2024-04-01T10:24:42+00:00 NOTICE handleOrderUpdate :: order_status
2024-04-01T10:33:04+00:00 NOTICE handleOrderUpdate :: order_status
2024-04-01T10:33:04+00:00 NOTICE handleOrderUpdate :: order_status
2024-04-01T10:33:15+00:00 NOTICE handleOrderUpdate :: order_status
2024-04-01T10:33:15+00:00 NOTICE handleOrderUpdate :: order_status
2024-04-01T10:41:01+00:00 NOTICE handleOrderUpdate :: order_status
2024-04-01T10:41:01+00:00 NOTICE handleOrderUpdate :: order_status
2024-04-01T10:44:56+00:00 NOTICE handleOrderUpdate :: order_status
2024-04-01T10:44:56+00:00 NOTICE handleOrderUpdate :: order_status
2024-04-01T12:34:32+00:00 NOTICE handleOrderUpdate :: order_status
2024-04-01T12:34:33+00:00 NOTICE handleOrderUpdate :: order_status
2024-04-01T12:34:52+00:00 NOTICE handleOrderUpdate :: order_status
2024-04-01T12:34:52+00:00 NOTICE handleOrderUpdate :: order_status
2024-04-01T12:37:28+00:00 NOTICE handleOrderUpdate :: order_status
2024-04-01T12:37:28+00:00 NOTICE handleOrderUpdate :: order_status
2024-04-01T12:38:29+00:00 NOTICE handleOrderUpdate :: order_status
2024-04-01T12:38:29+00:00 NOTICE handleOrderUpdate :: order_status
2024-04-01T13:15:13+00:00 NOTICE handleOrderUpdate :: order_status
2024-04-01T13:15:13+00:00 NOTICE handleOrderUpdate :: order_status
2024-04-01T13:18:55+00:00 NOTICE handleOrderUpdate :: order_status
2024-04-01T13:18:55+00:00 NOTICE handleOrderUpdate :: order_status
2024-04-01T13:19:33+00:00 NOTICE handleOrderUpdate :: order_status
2024-04-01T13:19:33+00:00 NOTICE handleOrderUpdate :: order_status
2024-04-01T13:21:43+00:00 NOTICE handleOrderUpdate :: order_status
2024-04-01T13:21:43+00:00 NOTICE handleOrderUpdate :: order_status
2024-04-01T13:22:13+00:00 NOTICE handleOrderUpdate :: order_status
2024-04-01T13:22:13+00:00 NOTICE handleOrderUpdate :: order_status
2024-04-01T13:22:49+00:00 NOTICE handleOrderUpdate :: order_status
2024-04-01T13:22:49+00:00 NOTICE handleOrderUpdate :: order_status
2024-04-01T13:23:25+00:00 NOTICE handleOrderUpdate :: order_status
2024-04-01T13:23:25+00:00 NOTICE handleOrderUpdate :: order_status
2024-04-01T13:24:07+00:00 NOTICE handleOrderUpdate :: order_status
2024-04-01T13:24:07+00:00 NOTICE handleOrderUpdate :: order_status
2024-04-01T13:24:56+00:00 NOTICE handleOrderUpdate :: order_status
2024-04-01T13:24:56+00:00 NOTICE handleOrderUpdate :: order_status
2024-04-01T13:28:34+00:00 NOTICE handleOrderUpdate :: order_status
2024-04-01T13:28:34+00:00 NOTICE handleOrderUpdate :: order_status
2024-04-01T13:29:24+00:00 NOTICE handleOrderUpdate :: order_status
2024-04-01T13:29:24+00:00 NOTICE handleOrderUpdate :: order_status
2024-04-01T13:30:35+00:00 NOTICE handleOrderUpdate :: order_status
2024-04-01T13:30:35+00:00 NOTICE handleOrderUpdate :: order_status
2024-04-01T13:30:55+00:00 NOTICE handleOrderUpdate :: order_status
2024-04-01T13:30:55+00:00 NOTICE handleOrderUpdate :: order_status
2024-04-01T13:31:18+00:00 NOTICE handleOrderUpdate :: order_status
2024-04-01T13:31:18+00:00 NOTICE handleOrderUpdate :: order_status
2024-04-01T13:31:29+00:00 NOTICE handleOrderUpdate :: order_status
2024-04-01T13:31:29+00:00 NOTICE handleOrderUpdate :: order_status
2024-04-01T13:31:29+00:00 NOTICE action_scheduler.queue_job :: MailChimp_WooCommerce_Single_Order starts in 15 seconds :: obj_id 20
2024-04-01T13:31:30+00:00 NOTICE handleOrderUpdate :: order_status
2024-04-01T13:31:30+00:00 NOTICE action_scheduler.queue_job :: MailChimp_WooCommerce_User_Submit queued :: obj_id 1
2024-04-01T13:31:30+00:00 NOTICE handleOrderUpdate :: order_status
2024-04-01T13:31:30+00:00 NOTICE handleOrderUpdate :: order_status
2024-04-01T13:36:02+00:00 NOTICE handleOrderUpdate :: order_status
2024-04-01T13:36:07+00:00 NOTICE handleOrderUpdate :: order_status
2024-04-01T13:36:07+00:00 NOTICE handleOrderUpdate :: order_status
2024-04-01T13:36:24+00:00 NOTICE handleOrderUpdate :: order_status
2024-04-01T13:36:24+00:00 NOTICE handleOrderUpdate :: order_status
2024-04-01T13:36:32+00:00 NOTICE handleOrderUpdate :: order_status
2024-04-01T13:36:33+00:00 NOTICE handleOrderUpdate :: order_status
2024-04-01T13:40:44+00:00 NOTICE handleOrderUpdate :: order_status
2024-04-01T13:40:44+00:00 NOTICE handleOrderUpdate :: order_status
2024-04-01T13:40:52+00:00 NOTICE handleOrderUpdate :: order_status
2024-04-01T13:40:52+00:00 NOTICE handleOrderUpdate :: order_status
2024-04-01T13:42:10+00:00 NOTICE handleOrderUpdate :: order_status
2024-04-01T13:42:10+00:00 NOTICE handleOrderUpdate :: order_status
2024-04-01T13:42:31+00:00 NOTICE handleOrderUpdate :: order_status
2024-04-01T13:42:31+00:00 NOTICE handleOrderUpdate :: order_status
2024-04-01T13:45:18+00:00 NOTICE handleOrderUpdate :: order_status
2024-04-01T13:45:18+00:00 NOTICE handleOrderUpdate :: order_status
2024-04-01T13:45:27+00:00 NOTICE handleOrderUpdate :: order_status
2024-04-01T13:45:27+00:00 NOTICE handleOrderUpdate :: order_status
2024-04-01T13:47:39+00:00 NOTICE handleOrderUpdate :: order_status
2024-04-01T13:47:39+00:00 NOTICE handleOrderUpdate :: order_status
2024-04-01T13:47:47+00:00 NOTICE handleOrderUpdate :: order_status
2024-04-01T13:47:47+00:00 NOTICE handleOrderUpdate :: order_status
2024-04-01T14:00:03+00:00 NOTICE handleOrderUpdate :: order_status
2024-04-01T14:00:03+00:00 NOTICE handleOrderUpdate :: order_status
2024-04-01T14:00:18+00:00 NOTICE handleOrderUpdate :: order_status
2024-04-01T14:00:18+00:00 NOTICE handleOrderUpdate :: order_status
2024-04-01T14:03:15+00:00 NOTICE handleOrderUpdate :: order_status
2024-04-01T14:03:15+00:00 NOTICE handleOrderUpdate :: order_status
2024-04-01T14:03:29+00:00 NOTICE handleOrderUpdate :: order_status
2024-04-01T14:03:29+00:00 NOTICE handleOrderUpdate :: order_status
2024-04-01T14:04:57+00:00 NOTICE handleOrderUpdate :: order_status
2024-04-01T14:04:57+00:00 NOTICE handleOrderUpdate :: order_status
2024-04-01T14:05:05+00:00 NOTICE handleOrderUpdate :: order_status
2024-04-01T14:05:05+00:00 NOTICE handleOrderUpdate :: order_status
2024-04-01T14:05:41+00:00 NOTICE handleOrderUpdate :: order_status
2024-04-01T14:05:41+00:00 NOTICE handleOrderUpdate :: order_status
2024-04-01T14:05:49+00:00 NOTICE handleOrderUpdate :: order_status
2024-04-01T14:05:49+00:00 NOTICE handleOrderUpdate :: order_status
2024-04-01T14:08:27+00:00 NOTICE handleOrderUpdate :: order_status
2024-04-01T14:08:27+00:00 NOTICE handleOrderUpdate :: order_status
2024-04-01T14:08:40+00:00 NOTICE handleOrderUpdate :: order_status
2024-04-01T14:08:40+00:00 NOTICE handleOrderUpdate :: order_status
2024-04-01T14:09:10+00:00 NOTICE handleOrderUpdate :: order_status
2024-04-01T14:09:10+00:00 NOTICE handleOrderUpdate :: order_status
2024-04-01T14:09:17+00:00 NOTICE handleOrderUpdate :: order_status
2024-04-01T14:09:17+00:00 NOTICE handleOrderUpdate :: order_status
2024-04-01T14:17:17+00:00 NOTICE handleOrderUpdate :: order_status
2024-04-01T14:20:27+00:00 NOTICE handleOrderUpdate :: order_status
2024-04-01T14:20:27+00:00 NOTICE handleOrderUpdate :: order_status
2024-04-01T14:20:40+00:00 NOTICE handleOrderUpdate :: order_status
2024-04-01T14:20:40+00:00 NOTICE handleOrderUpdate :: order_status
2024-04-01T14:21:15+00:00 NOTICE handleOrderUpdate :: order_status
2024-04-01T14:21:15+00:00 NOTICE handleOrderUpdate :: order_status
2024-04-01T14:21:27+00:00 NOTICE handleOrderUpdate :: order_status
2024-04-01T14:21:27+00:00 NOTICE handleOrderUpdate :: order_status
2024-04-01T14:23:38+00:00 NOTICE handleOrderUpdate :: order_status
2024-04-01T14:23:38+00:00 NOTICE handleOrderUpdate :: order_status
2024-04-01T14:23:54+00:00 NOTICE handleOrderUpdate :: order_status
2024-04-01T14:23:54+00:00 NOTICE handleOrderUpdate :: order_status
2024-04-01T14:25:08+00:00 NOTICE handleOrderUpdate :: order_status
2024-04-01T14:25:08+00:00 NOTICE handleOrderUpdate :: order_status
2024-04-01T14:25:22+00:00 NOTICE handleOrderUpdate :: order_status
2024-04-01T14:25:22+00:00 NOTICE handleOrderUpdate :: order_status
2024-04-01T14:30:29+00:00 NOTICE handleOrderUpdate :: order_status
2024-04-01T14:30:29+00:00 NOTICE handleOrderUpdate :: order_status
2024-04-01T14:30:40+00:00 NOTICE handleOrderUpdate :: order_status
2024-04-01T14:30:41+00:00 NOTICE handleOrderUpdate :: order_status
2024-04-01T14:34:16+00:00 NOTICE handleOrderUpdate :: order_status
2024-04-01T14:34:16+00:00 NOTICE handleOrderUpdate :: order_status
2024-04-01T14:34:30+00:00 NOTICE handleOrderUpdate :: order_status
2024-04-01T14:34:31+00:00 NOTICE handleOrderUpdate :: order_status
2024-04-01T14:36:40+00:00 NOTICE handleOrderUpdate :: order_status
2024-04-01T14:36:40+00:00 NOTICE handleOrderUpdate :: order_status
2024-04-01T14:36:48+00:00 NOTICE handleOrderUpdate :: order_status
2024-04-01T14:36:48+00:00 NOTICE handleOrderUpdate :: order_status
2024-04-01T14:37:35+00:00 NOTICE handleOrderUpdate :: order_status
2024-04-01T14:37:35+00:00 NOTICE handleOrderUpdate :: order_status
2024-04-01T14:37:47+00:00 NOTICE handleOrderUpdate :: order_status
2024-04-01T14:37:47+00:00 NOTICE handleOrderUpdate :: order_status
2024-04-01T14:41:55+00:00 NOTICE handleOrderUpdate :: order_status
2024-04-01T14:41:55+00:00 NOTICE handleOrderUpdate :: order_status
2024-04-01T14:42:25+00:00 NOTICE handleOrderUpdate :: order_status
2024-04-01T14:42:25+00:00 NOTICE handleOrderUpdate :: order_status
2024-04-01T14:43:43+00:00 NOTICE handleOrderUpdate :: order_status
2024-04-01T14:43:43+00:00 NOTICE handleOrderUpdate :: order_status
2024-04-01T14:45:10+00:00 NOTICE handleOrderUpdate :: order_status
2024-04-01T14:45:10+00:00 NOTICE handleOrderUpdate :: order_status
2024-04-01T14:49:47+00:00 NOTICE handleOrderUpdate :: order_status
2024-04-01T14:49:47+00:00 NOTICE handleOrderUpdate :: order_status
2024-04-01T15:01:13+00:00 NOTICE handleOrderUpdate :: order_status
2024-04-01T15:01:13+00:00 NOTICE handleOrderUpdate :: order_status
2024-04-01T15:01:33+00:00 NOTICE handleOrderUpdate :: order_status
2024-04-01T15:01:33+00:00 NOTICE handleOrderUpdate :: order_status
2024-04-01T15:02:43+00:00 NOTICE handleOrderUpdate :: order_status
2024-04-01T15:02:43+00:00 NOTICE handleOrderUpdate :: order_status
2024-04-01T15:05:13+00:00 NOTICE handleOrderUpdate :: order_status
2024-04-01T15:05:13+00:00 NOTICE handleOrderUpdate :: order_status
2024-04-01T15:07:20+00:00 NOTICE handleOrderUpdate :: order_status
2024-04-01T15:07:20+00:00 NOTICE handleOrderUpdate :: order_status
2024-04-01T15:08:30+00:00 NOTICE handleOrderUpdate :: order_status
2024-04-01T15:08:30+00:00 NOTICE handleOrderUpdate :: order_status
2024-04-01T15:14:08+00:00 NOTICE handleOrderUpdate :: order_status
2024-04-01T15:14:08+00:00 NOTICE handleOrderUpdate :: order_status
2024-04-01T15:17:37+00:00 NOTICE handleOrderUpdate :: order_status
2024-04-01T15:17:37+00:00 NOTICE handleOrderUpdate :: order_status
2024-04-01T15:18:37+00:00 NOTICE handleOrderUpdate :: order_status
2024-04-01T15:18:37+00:00 NOTICE handleOrderUpdate :: order_status
2024-04-01T15:20:36+00:00 NOTICE handleOrderUpdate :: order_status
2024-04-01T15:20:36+00:00 NOTICE handleOrderUpdate :: order_status
2024-04-01T15:22:39+00:00 NOTICE handleOrderUpdate :: order_status
2024-04-01T15:22:39+00:00 NOTICE handleOrderUpdate :: order_status
2024-04-01T15:23:37+00:00 NOTICE handleOrderUpdate :: order_status
2024-04-01T15:23:37+00:00 NOTICE handleOrderUpdate :: order_status
2024-04-01T15:25:31+00:00 NOTICE handleOrderUpdate :: order_status
2024-04-01T15:25:31+00:00 NOTICE handleOrderUpdate :: order_status
2024-04-01T15:28:36+00:00 NOTICE handleOrderUpdate :: order_status
2024-04-01T15:28:36+00:00 NOTICE handleOrderUpdate :: order_status
2024-04-01T15:32:44+00:00 NOTICE handleOrderUpdate :: order_status
2024-04-01T15:32:44+00:00 NOTICE handleOrderUpdate :: order_status
2024-04-01T15:35:12+00:00 NOTICE handleOrderUpdate :: order_status
2024-04-01T15:35:12+00:00 NOTICE handleOrderUpdate :: order_status
2024-04-01T15:36:12+00:00 NOTICE handleOrderUpdate :: order_status
2024-04-01T15:36:12+00:00 NOTICE handleOrderUpdate :: order_status
2024-04-01T15:37:19+00:00 NOTICE handleOrderUpdate :: order_status
2024-04-01T15:37:19+00:00 NOTICE handleOrderUpdate :: order_status
2024-04-01T15:38:45+00:00 NOTICE handleOrderUpdate :: order_status
2024-04-01T15:38:45+00:00 NOTICE handleOrderUpdate :: order_status
2024-04-01T15:41:28+00:00 NOTICE handleOrderUpdate :: order_status
2024-04-01T15:41:28+00:00 NOTICE handleOrderUpdate :: order_status
2024-04-01T15:43:13+00:00 NOTICE handleOrderUpdate :: order_status
2024-04-01T15:43:13+00:00 NOTICE handleOrderUpdate :: order_status
2024-04-01T15:44:09+00:00 NOTICE handleOrderUpdate :: order_status
2024-04-01T15:44:09+00:00 NOTICE handleOrderUpdate :: order_status
2024-04-01T15:44:40+00:00 NOTICE handleOrderUpdate :: order_status
2024-04-01T15:44:41+00:00 NOTICE handleOrderUpdate :: order_status
2024-04-01T15:45:17+00:00 NOTICE handleOrderUpdate :: order_status
2024-04-01T15:45:17+00:00 NOTICE handleOrderUpdate :: order_status
2024-04-01T15:47:14+00:00 NOTICE handleOrderUpdate :: order_status
2024-04-01T15:47:14+00:00 NOTICE handleOrderUpdate :: order_status
2024-04-01T15:49:09+00:00 NOTICE handleOrderUpdate :: order_status
2024-04-01T15:49:09+00:00 NOTICE handleOrderUpdate :: order_status
2024-04-01T15:50:21+00:00 NOTICE handleOrderUpdate :: order_status
2024-04-01T15:50:21+00:00 NOTICE handleOrderUpdate :: order_status
2024-04-01T15:51:12+00:00 NOTICE handleOrderUpdate :: order_status
2024-04-01T15:51:12+00:00 NOTICE handleOrderUpdate :: order_status
2024-04-01T15:53:08+00:00 NOTICE handleOrderUpdate :: order_status
2024-04-01T15:53:08+00:00 NOTICE handleOrderUpdate :: order_status
2024-04-01T15:55:57+00:00 NOTICE handleOrderUpdate :: order_status
2024-04-01T15:55:57+00:00 NOTICE handleOrderUpdate :: order_status
