2024-04-02T01:10:58+00:00 NOTICE handleOrderUpdate :: order_status
2024-04-02T01:10:58+00:00 NOTICE handleOrderUpdate :: order_status
2024-04-02T01:11:15+00:00 NOTICE handleOrderUpdate :: order_status
2024-04-02T01:11:15+00:00 NOTICE handleOrderUpdate :: order_status
2024-04-02T01:13:32+00:00 NOTICE handleOrderUpdate :: order_status
2024-04-02T01:13:32+00:00 NOTICE handleOrderUpdate :: order_status
2024-04-02T01:20:56+00:00 NOTICE handleOrderUpdate :: order_status
2024-04-02T01:20:56+00:00 NOTICE handleOrderUpdate :: order_status
2024-04-02T01:21:23+00:00 NOTICE handleOrderUpdate :: order_status
2024-04-02T01:21:23+00:00 NOTICE handleOrderUpdate :: order_status
2024-04-02T01:25:26+00:00 NOTICE handleOrderUpdate :: order_status
2024-04-02T01:25:26+00:00 NOTICE handleOrderUpdate :: order_status
2024-04-02T01:26:53+00:00 NOTICE handleOrderUpdate :: order_status
2024-04-02T01:26:53+00:00 NOTICE handleOrderUpdate :: order_status
2024-04-02T01:41:04+00:00 NOTICE handleOrderUpdate :: order_status
2024-04-02T01:41:04+00:00 NOTICE handleOrderUpdate :: order_status
2024-04-02T01:41:42+00:00 NOTICE handleOrderUpdate :: order_status
2024-04-02T01:41:42+00:00 NOTICE handleOrderUpdate :: order_status
2024-04-02T01:42:41+00:00 NOTICE handleOrderUpdate :: order_status
2024-04-02T01:42:41+00:00 NOTICE handleOrderUpdate :: order_status
2024-04-02T01:43:38+00:00 NOTICE handleOrderUpdate :: order_status
2024-04-02T01:43:38+00:00 NOTICE handleOrderUpdate :: order_status
2024-04-02T01:44:58+00:00 NOTICE handleOrderUpdate :: order_status
2024-04-02T01:44:58+00:00 NOTICE handleOrderUpdate :: order_status
2024-04-02T01:48:47+00:00 NOTICE handleOrderUpdate :: order_status
2024-04-02T01:48:47+00:00 NOTICE handleOrderUpdate :: order_status
2024-04-02T01:50:16+00:00 NOTICE handleOrderUpdate :: order_status
2024-04-02T01:50:16+00:00 NOTICE handleOrderUpdate :: order_status
2024-04-02T01:55:59+00:00 NOTICE handleOrderUpdate :: order_status
2024-04-02T01:55:59+00:00 NOTICE handleOrderUpdate :: order_status
2024-04-02T03:56:31+00:00 NOTICE profile :: user_update_subscribe_status :: Array
(
    [subscribed] => 1
    [user_id] => 1
    [gdpr_fields] => 
)
2024-04-02T04:11:43+00:00 NOTICE handleOrderUpdate :: order_status
2024-04-02T04:11:43+00:00 NOTICE handleOrderUpdate :: order_status
2024-04-02T04:11:44+00:00 NOTICE handleOrderUpdate :: order_status
2024-04-02T04:15:12+00:00 NOTICE handleOrderUpdate :: order_status
2024-04-02T04:15:12+00:00 NOTICE handleOrderUpdate :: order_status
2024-04-02T04:15:12+00:00 NOTICE handleOrderUpdate :: order_status
2024-04-02T04:17:16+00:00 NOTICE handleOrderUpdate :: order_status
2024-04-02T04:17:16+00:00 NOTICE handleOrderUpdate :: order_status
2024-04-02T04:17:16+00:00 NOTICE handleOrderUpdate :: order_status
2024-04-02T04:20:14+00:00 NOTICE handleOrderUpdate :: order_status
2024-04-02T04:20:14+00:00 NOTICE handleOrderUpdate :: order_status
2024-04-02T04:20:14+00:00 NOTICE handleOrderUpdate :: order_status
2024-04-02T04:21:17+00:00 NOTICE handleOrderUpdate :: order_status
2024-04-02T04:21:17+00:00 NOTICE handleOrderUpdate :: order_status
2024-04-02T04:21:17+00:00 NOTICE handleOrderUpdate :: order_status
2024-04-02T04:22:12+00:00 NOTICE handleOrderUpdate :: order_status
2024-04-02T04:22:12+00:00 NOTICE handleOrderUpdate :: order_status
2024-04-02T04:22:12+00:00 NOTICE handleOrderUpdate :: order_status
2024-04-02T04:23:45+00:00 NOTICE handleOrderUpdate :: order_status
2024-04-02T04:23:45+00:00 NOTICE handleOrderUpdate :: order_status
2024-04-02T04:23:45+00:00 NOTICE handleOrderUpdate :: order_status
2024-04-02T04:25:23+00:00 NOTICE handleOrderUpdate :: order_status
2024-04-02T04:25:23+00:00 NOTICE handleOrderUpdate :: order_status
2024-04-02T04:25:23+00:00 NOTICE handleOrderUpdate :: order_status
2024-04-02T04:26:35+00:00 NOTICE handleOrderUpdate :: order_status
2024-04-02T04:26:35+00:00 NOTICE handleOrderUpdate :: order_status
2024-04-02T04:26:35+00:00 NOTICE handleOrderUpdate :: order_status
2024-04-02T04:28:48+00:00 NOTICE handleOrderUpdate :: order_status
2024-04-02T04:28:48+00:00 NOTICE handleOrderUpdate :: order_status
2024-04-02T04:28:48+00:00 NOTICE handleOrderUpdate :: order_status
2024-04-02T04:29:36+00:00 NOTICE handleOrderUpdate :: order_status
2024-04-02T04:29:36+00:00 NOTICE handleOrderUpdate :: order_status
2024-04-02T04:29:36+00:00 NOTICE handleOrderUpdate :: order_status
2024-04-02T04:31:12+00:00 NOTICE handleOrderUpdate :: order_status
2024-04-02T04:31:12+00:00 NOTICE handleOrderUpdate :: order_status
2024-04-02T04:31:12+00:00 NOTICE handleOrderUpdate :: order_status
2024-04-02T04:31:12+00:00 NOTICE handleOrderUpdate :: order_status
2024-04-02T04:31:12+00:00 NOTICE handleOrderUpdate :: order_status
2024-04-02T04:31:12+00:00 NOTICE handleOrderUpdate :: order_status
2024-04-02T04:31:49+00:00 NOTICE handleOrderUpdate :: order_status
2024-04-02T04:31:49+00:00 NOTICE handleOrderUpdate :: order_status
2024-04-02T04:31:49+00:00 NOTICE handleOrderUpdate :: order_status
2024-04-02T04:48:10+00:00 NOTICE handleOrderUpdate :: order_status
2024-04-02T04:54:31+00:00 NOTICE handleOrderUpdate :: order_status
2024-04-02T04:54:31+00:00 NOTICE handleOrderUpdate :: order_status
2024-04-02T04:58:16+00:00 NOTICE handleOrderUpdate :: order_status
2024-04-02T05:00:52+00:00 NOTICE handleOrderUpdate :: order_status
2024-04-02T05:00:52+00:00 NOTICE handleOrderUpdate :: order_status
2024-04-02T06:40:44+00:00 NOTICE handleOrderUpdate :: order_status
2024-04-02T06:52:07+00:00 NOTICE handleOrderUpdate :: order_status
2024-04-02T07:04:12+00:00 NOTICE handleOrderUpdate :: order_status
2024-04-02T07:16:48+00:00 NOTICE handleOrderUpdate :: order_status
2024-04-02T07:16:48+00:00 NOTICE handleOrderUpdate :: order_status
2024-04-02T07:23:34+00:00 NOTICE handleOrderUpdate :: order_status
2024-04-02T07:23:34+00:00 NOTICE handleOrderUpdate :: order_status
2024-04-02T07:49:21+00:00 NOTICE handleOrderUpdate :: order_status
2024-04-02T07:49:21+00:00 NOTICE handleOrderUpdate :: order_status
2024-04-02T07:49:21+00:00 NOTICE handleOrderUpdate :: order_status
2024-04-02T07:51:34+00:00 NOTICE handleOrderUpdate :: order_status
2024-04-02T07:51:34+00:00 NOTICE handleOrderUpdate :: order_status
2024-04-02T07:51:34+00:00 NOTICE handleOrderUpdate :: order_status
2024-04-02T07:53:58+00:00 NOTICE handleOrderUpdate :: order_status
2024-04-02T07:53:58+00:00 NOTICE handleOrderUpdate :: order_status
2024-04-02T07:53:58+00:00 NOTICE handleOrderUpdate :: order_status
2024-04-02T07:55:05+00:00 NOTICE handleOrderUpdate :: order_status
2024-04-02T07:55:05+00:00 NOTICE handleOrderUpdate :: order_status
2024-04-02T07:55:05+00:00 NOTICE handleOrderUpdate :: order_status
2024-04-02T08:03:32+00:00 NOTICE handleOrderUpdate :: order_status
2024-04-02T08:03:32+00:00 NOTICE handleOrderUpdate :: order_status
2024-04-02T08:03:32+00:00 NOTICE handleOrderUpdate :: order_status
2024-04-02T08:10:22+00:00 NOTICE handleOrderUpdate :: order_status
2024-04-02T08:10:22+00:00 NOTICE handleOrderUpdate :: order_status
2024-04-02T08:10:22+00:00 NOTICE handleOrderUpdate :: order_status
2024-04-02T08:11:46+00:00 NOTICE handleOrderUpdate :: order_status
2024-04-02T08:11:46+00:00 NOTICE handleOrderUpdate :: order_status
2024-04-02T08:11:47+00:00 NOTICE handleOrderUpdate :: order_status
2024-04-02T08:15:48+00:00 NOTICE handleOrderUpdate :: order_status
2024-04-02T08:15:48+00:00 NOTICE handleOrderUpdate :: order_status
2024-04-02T08:15:48+00:00 NOTICE handleOrderUpdate :: order_status
2024-04-02T08:42:39+00:00 NOTICE handleOrderUpdate :: order_status
2024-04-02T08:42:39+00:00 NOTICE handleOrderUpdate :: order_status
2024-04-02T10:21:38+00:00 NOTICE handleOrderUpdate :: order_status
2024-04-02T10:21:39+00:00 NOTICE handleOrderUpdate :: order_status
2024-04-02T10:21:39+00:00 NOTICE handleOrderUpdate :: order_status
2024-04-02T10:24:29+00:00 NOTICE handleOrderUpdate :: order_status
2024-04-02T10:24:29+00:00 NOTICE handleOrderUpdate :: order_status
2024-04-02T10:24:29+00:00 NOTICE handleOrderUpdate :: order_status
2024-04-02T10:27:33+00:00 NOTICE handleOrderUpdate :: order_status
2024-04-02T10:27:33+00:00 NOTICE handleOrderUpdate :: order_status
2024-04-02T10:27:33+00:00 NOTICE handleOrderUpdate :: order_status
2024-04-02T10:31:38+00:00 NOTICE handleOrderUpdate :: order_status
2024-04-02T10:31:38+00:00 NOTICE handleOrderUpdate :: order_status
2024-04-02T10:31:38+00:00 NOTICE handleOrderUpdate :: order_status
